2026-04-25 23:30:52,539 - predict_GI - INFO - outputs/boundaries_predictions/literature_set/ensemble_voting_soft_benbow_fine_tuned_default/5000/0.6
2026-04-25 23:30:52,539 - predict_GI - INFO - outputs/boundaries_predictions/literature_set
2026-04-25 23:30:52,689 - predict_GI - INFO - Predictions for NC_003198.1.fasta already exist
2026-04-25 23:30:52,689 - predict_GI - INFO - Predictions for NC_002695.1.fasta already exist
2026-04-25 23:30:52,689 - predict_GI - INFO - Predictions for NC_003923.1.fasta already exist
2026-04-25 23:30:52,689 - predict_GI - INFO - Predictions for NC_004431.1.fasta already exist
2026-04-25 23:30:52,689 - predict_GI - INFO - Predictions for NC_004603.1.fasta already exist
2026-04-25 23:30:52,690 - predict_GI - INFO - Predictions for NC_004070.1.fasta already exist
2026-04-25 23:30:52,966 - predict_GI - INFO - saving results to outputs/boundaries_predictions/literature_set
2026-04-25 23:30:53,041 - predict_GI - INFO - outputs/boundaries_predictions/literature_set/ensemble_voting_soft_benbow_fine_tuned_default/5000/0.7
2026-04-25 23:30:53,041 - predict_GI - INFO - outputs/boundaries_predictions/literature_set
2026-04-25 23:30:53,076 - predict_GI - INFO - Predictions for NC_003198.1.fasta already exist
2026-04-25 23:30:53,077 - predict_GI - INFO - Predictions for NC_002695.1.fasta already exist
2026-04-25 23:30:53,077 - predict_GI - INFO - Predictions for NC_003923.1.fasta already exist
2026-04-25 23:30:53,077 - predict_GI - INFO - Predictions for NC_004431.1.fasta already exist
2026-04-25 23:30:53,077 - predict_GI - INFO - Predictions for NC_004603.1.fasta already exist
2026-04-25 23:30:53,077 - predict_GI - INFO - Predictions for NC_004070.1.fasta already exist
2026-04-25 23:30:53,111 - predict_GI - INFO - outputs/boundaries_predictions/literature_set/ensemble_voting_soft_benbow_fine_tuned_default/6000/0.6
2026-04-25 23:30:53,111 - predict_GI - INFO - outputs/boundaries_predictions/literature_set
2026-04-25 23:30:53,120 - predict_GI - INFO - outputs/boundaries_predictions/literature_set/ensemble_voting_soft_benbow_fine_tuned_default/5000/0.8
2026-04-25 23:30:53,121 - predict_GI - INFO - outputs/boundaries_predictions/literature_set
2026-04-25 23:30:53,135 - predict_GI - INFO - Predictions for NC_003198.1.fasta already exist
2026-04-25 23:30:53,135 - predict_GI - INFO - Predictions for NC_002695.1.fasta already exist
2026-04-25 23:30:53,135 - predict_GI - INFO - Predictions for NC_003923.1.fasta already exist
2026-04-25 23:30:53,135 - predict_GI - INFO - Predictions for NC_004431.1.fasta already exist
2026-04-25 23:30:53,135 - predict_GI - INFO - Predictions for NC_004603.1.fasta already exist
2026-04-25 23:30:53,135 - predict_GI - INFO - Predictions for NC_004070.1.fasta already exist
2026-04-25 23:30:53,146 - predict_GI - INFO - Predictions for NC_003198.1.fasta already exist
2026-04-25 23:30:53,146 - predict_GI - INFO - Predictions for NC_002695.1.fasta already exist
2026-04-25 23:30:53,146 - predict_GI - INFO - Predictions for NC_003923.1.fasta already exist
2026-04-25 23:30:53,146 - predict_GI - INFO - Predictions for NC_004431.1.fasta already exist
2026-04-25 23:30:53,146 - predict_GI - INFO - Predictions for NC_004603.1.fasta already exist
2026-04-25 23:30:53,146 - predict_GI - INFO - Predictions for NC_004070.1.fasta already exist
2026-04-25 23:30:53,318 - predict_GI - INFO - saving results to outputs/boundaries_predictions/literature_set
2026-04-25 23:30:53,374 - predict_GI - INFO - outputs/boundaries_predictions/literature_set/ensemble_voting_soft_benbow_fine_tuned_default/6000/0.7
2026-04-25 23:30:53,374 - predict_GI - INFO - outputs/boundaries_predictions/literature_set
2026-04-25 23:30:53,397 - predict_GI - INFO - saving results to outputs/boundaries_predictions/literature_set
2026-04-25 23:30:53,415 - predict_GI - INFO - outputs/boundaries_predictions/literature_set/ensemble_voting_soft_benbow_fine_tuned_default/6000/0.8
2026-04-25 23:30:53,415 - predict_GI - INFO - outputs/boundaries_predictions/literature_set
2026-04-25 23:30:53,418 - predict_GI - INFO - Predictions for NC_003198.1.fasta already exist
2026-04-25 23:30:53,418 - predict_GI - INFO - Predictions for NC_002695.1.fasta already exist
2026-04-25 23:30:53,418 - predict_GI - INFO - Predictions for NC_003923.1.fasta already exist
2026-04-25 23:30:53,418 - predict_GI - INFO - Predictions for NC_004431.1.fasta already exist
2026-04-25 23:30:53,418 - predict_GI - INFO - Predictions for NC_004603.1.fasta already exist
2026-04-25 23:30:53,418 - predict_GI - INFO - Predictions for NC_004070.1.fasta already exist
2026-04-25 23:30:53,432 - predict_GI - INFO - outputs/boundaries_predictions/literature_set/ensemble_voting_soft_benbow_fine_tuned_default/7000/0.8
2026-04-25 23:30:53,432 - predict_GI - INFO - outputs/boundaries_predictions/literature_set
2026-04-25 23:30:53,442 - predict_GI - INFO - saving results to outputs/boundaries_predictions/literature_set
2026-04-25 23:30:53,447 - predict_GI - INFO - Predictions for NC_003198.1.fasta already exist
2026-04-25 23:30:53,447 - predict_GI - INFO - Predictions for NC_002695.1.fasta already exist
2026-04-25 23:30:53,447 - predict_GI - INFO - Predictions for NC_003923.1.fasta already exist
2026-04-25 23:30:53,447 - predict_GI - INFO - Predictions for NC_004431.1.fasta already exist
2026-04-25 23:30:53,447 - predict_GI - INFO - Predictions for NC_004603.1.fasta already exist
2026-04-25 23:30:53,447 - predict_GI - INFO - Predictions for NC_004070.1.fasta already exist
2026-04-25 23:30:53,448 - predict_GI - INFO - Predictions for NC_003198.1.fasta already exist
2026-04-25 23:30:53,448 - predict_GI - INFO - Predictions for NC_002695.1.fasta already exist
2026-04-25 23:30:53,448 - predict_GI - INFO - Predictions for NC_003923.1.fasta already exist
2026-04-25 23:30:53,448 - predict_GI - INFO - Predictions for NC_004431.1.fasta already exist
2026-04-25 23:30:53,448 - predict_GI - INFO - Predictions for NC_004603.1.fasta already exist
2026-04-25 23:30:53,448 - predict_GI - INFO - Predictions for NC_004070.1.fasta already exist
2026-04-25 23:30:53,515 - predict_GI - INFO - outputs/boundaries_predictions/literature_set/ensemble_voting_soft_benbow_fine_tuned_default/7000/0.6
2026-04-25 23:30:53,515 - predict_GI - INFO - outputs/boundaries_predictions/literature_set
2026-04-25 23:30:53,516 - predict_GI - INFO - outputs/boundaries_predictions/literature_set/ensemble_voting_soft_benbow_fine_tuned_default/7000/0.7
2026-04-25 23:30:53,516 - predict_GI - INFO - outputs/boundaries_predictions/literature_set
2026-04-25 23:30:53,549 - predict_GI - INFO - Predictions for NC_003198.1.fasta already exist
2026-04-25 23:30:53,549 - predict_GI - INFO - Predictions for NC_002695.1.fasta already exist
2026-04-25 23:30:53,549 - predict_GI - INFO - Predictions for NC_003923.1.fasta already exist
2026-04-25 23:30:53,549 - predict_GI - INFO - Predictions for NC_004431.1.fasta already exist
2026-04-25 23:30:53,550 - predict_GI - INFO - Predictions for NC_004603.1.fasta already exist
2026-04-25 23:30:53,550 - predict_GI - INFO - Predictions for NC_004070.1.fasta already exist
2026-04-25 23:30:53,727 - predict_GI - INFO - Predictions for NC_003198.1.fasta already exist
2026-04-25 23:30:53,728 - predict_GI - INFO - Predictions for NC_002695.1.fasta already exist
2026-04-25 23:30:53,728 - predict_GI - INFO - Predictions for NC_003923.1.fasta already exist
2026-04-25 23:30:53,728 - predict_GI - INFO - Predictions for NC_004431.1.fasta already exist
2026-04-25 23:30:53,728 - predict_GI - INFO - Predictions for NC_004603.1.fasta already exist
2026-04-25 23:30:53,728 - predict_GI - INFO - Predictions for NC_004070.1.fasta already exist
2026-04-25 23:30:53,878 - predict_GI - INFO - saving results to outputs/boundaries_predictions/literature_set
2026-04-25 23:30:53,907 - predict_GI - INFO - outputs/boundaries_predictions/literature_set/ensemble_voting_soft_benbow_fine_tuned_default/8000/0.6
2026-04-25 23:30:53,907 - predict_GI - INFO - outputs/boundaries_predictions/literature_set
2026-04-25 23:30:53,918 - predict_GI - INFO - saving results to outputs/boundaries_predictions/literature_set
2026-04-25 23:30:53,942 - predict_GI - INFO - outputs/boundaries_predictions/literature_set/ensemble_voting_soft_benbow_fine_tuned_default/8000/0.8
2026-04-25 23:30:53,942 - predict_GI - INFO - outputs/boundaries_predictions/literature_set
2026-04-25 23:30:53,942 - predict_GI - INFO - Predictions for NC_003198.1.fasta already exist
2026-04-25 23:30:53,943 - predict_GI - INFO - Predictions for NC_002695.1.fasta already exist
2026-04-25 23:30:53,943 - predict_GI - INFO - Predictions for NC_003923.1.fasta already exist
2026-04-25 23:30:53,943 - predict_GI - INFO - Predictions for NC_004431.1.fasta already exist
2026-04-25 23:30:53,943 - predict_GI - INFO - Predictions for NC_004603.1.fasta already exist
2026-04-25 23:30:53,943 - predict_GI - INFO - Predictions for NC_004070.1.fasta already exist
2026-04-25 23:30:53,964 - predict_GI - INFO - Predictions for NC_003198.1.fasta already exist
2026-04-25 23:30:53,964 - predict_GI - INFO - Predictions for NC_002695.1.fasta already exist
2026-04-25 23:30:53,964 - predict_GI - INFO - Predictions for NC_003923.1.fasta already exist
2026-04-25 23:30:53,964 - predict_GI - INFO - Predictions for NC_004431.1.fasta already exist
2026-04-25 23:30:53,964 - predict_GI - INFO - Predictions for NC_004603.1.fasta already exist
2026-04-25 23:30:53,964 - predict_GI - INFO - Predictions for NC_004070.1.fasta already exist
2026-04-25 23:30:53,968 - predict_GI - INFO - outputs/boundaries_predictions/literature_set/ensemble_voting_soft_benbow_fine_tuned_default/8000/0.7
2026-04-25 23:30:53,968 - predict_GI - INFO - outputs/boundaries_predictions/literature_set
2026-04-25 23:30:53,996 - predict_GI - INFO - saving results to outputs/boundaries_predictions/literature_set
2026-04-25 23:30:54,001 - predict_GI - INFO - Predictions for NC_003198.1.fasta already exist
2026-04-25 23:30:54,001 - predict_GI - INFO - Predictions for NC_002695.1.fasta already exist
2026-04-25 23:30:54,001 - predict_GI - INFO - Predictions for NC_003923.1.fasta already exist
2026-04-25 23:30:54,001 - predict_GI - INFO - Predictions for NC_004431.1.fasta already exist
2026-04-25 23:30:54,001 - predict_GI - INFO - Predictions for NC_004603.1.fasta already exist
2026-04-25 23:30:54,001 - predict_GI - INFO - Predictions for NC_004070.1.fasta already exist
2026-04-25 23:30:54,080 - predict_GI - INFO - saving results to outputs/boundaries_predictions/literature_set
2026-04-25 23:30:54,130 - predict_GI - INFO - --- Finish ---
2026-04-25 23:30:54,130 - predict_GI - INFO -  --- Process took 0.700 seconds ---
2026-04-25 23:30:54,143 - predict_GI - INFO - saving results to outputs/boundaries_predictions/literature_set
2026-04-25 23:30:54,157 - predict_GI - INFO - saving results to outputs/boundaries_predictions/literature_set
2026-04-25 23:30:54,346 - predict_GI - INFO - saving results to outputs/boundaries_predictions/literature_set
2026-04-25 23:30:54,378 - predict_GI - INFO - outputs/boundaries_predictions/literature_set/ensemble_voting_soft_benbow_fine_tuned_default/9000/0.6
2026-04-25 23:30:54,378 - predict_GI - INFO - outputs/boundaries_predictions/literature_set
2026-04-25 23:30:54,379 - predict_GI - INFO - --- Finish ---
2026-04-25 23:30:54,379 - predict_GI - INFO -  --- Process took 0.866 seconds ---
2026-04-25 23:30:54,379 - predict_GI - INFO - --- Finish ---
2026-04-25 23:30:54,379 - predict_GI - INFO -  --- Process took 0.475 seconds ---
2026-04-25 23:30:54,390 - predict_GI - INFO - saving results to outputs/boundaries_predictions/literature_set
2026-04-25 23:30:54,444 - predict_GI - INFO - --- Finish ---
2026-04-25 23:30:54,444 - predict_GI - INFO -  --- Process took 0.933 seconds ---
2026-04-25 23:30:54,444 - predict_GI - INFO - --- Finish ---
2026-04-25 23:30:54,444 - predict_GI - INFO -  --- Process took 0.505 seconds ---
2026-04-25 23:30:54,445 - predict_GI - INFO - Predictions for NC_003198.1.fasta already exist
2026-04-25 23:30:54,445 - predict_GI - INFO - Predictions for NC_002695.1.fasta already exist
2026-04-25 23:30:54,445 - predict_GI - INFO - Predictions for NC_003923.1.fasta already exist
2026-04-25 23:30:54,445 - predict_GI - INFO - Predictions for NC_004431.1.fasta already exist
2026-04-25 23:30:54,445 - predict_GI - INFO - Predictions for NC_004603.1.fasta already exist
2026-04-25 23:30:54,445 - predict_GI - INFO - Predictions for NC_004070.1.fasta already exist
2026-04-25 23:30:54,481 - predict_GI - INFO - --- Finish ---
2026-04-25 23:30:54,481 - predict_GI - INFO -  --- Process took 0.538 seconds ---
2026-04-25 23:30:55,080 - predict_GI - INFO - saving results to outputs/boundaries_predictions/literature_set
2026-04-25 23:30:55,226 - predict_GI - INFO - --- Finish ---
2026-04-25 23:30:55,226 - predict_GI - INFO -  --- Process took 0.850 seconds ---
2026-04-25 23:30:55,230 - predict_GI - INFO - outputs/boundaries_predictions/literature_set/ensemble_voting_soft_benbow_fine_tuned_default/9000/0.7
2026-04-25 23:30:55,230 - predict_GI - INFO - outputs/boundaries_predictions/literature_set
2026-04-25 23:30:55,261 - predict_GI - INFO - Predictions for NC_003198.1.fasta already exist
2026-04-25 23:30:55,261 - predict_GI - INFO - Predictions for NC_002695.1.fasta already exist
2026-04-25 23:30:55,261 - predict_GI - INFO - Predictions for NC_003923.1.fasta already exist
2026-04-25 23:30:55,261 - predict_GI - INFO - Predictions for NC_004431.1.fasta already exist
2026-04-25 23:30:55,261 - predict_GI - INFO - Predictions for NC_004603.1.fasta already exist
2026-04-25 23:30:55,261 - predict_GI - INFO - Predictions for NC_004070.1.fasta already exist
2026-04-25 23:30:55,271 - predict_GI - INFO - outputs/boundaries_predictions/literature_set/ensemble_voting_soft_benbow_fine_tuned_default/10000/0.6
2026-04-25 23:30:55,271 - predict_GI - INFO - outputs/boundaries_predictions/literature_set
2026-04-25 23:30:55,291 - predict_GI - INFO - Predictions for NC_003198.1.fasta already exist
2026-04-25 23:30:55,292 - predict_GI - INFO - Predictions for NC_002695.1.fasta already exist
2026-04-25 23:30:55,292 - predict_GI - INFO - Predictions for NC_003923.1.fasta already exist
2026-04-25 23:30:55,292 - predict_GI - INFO - Predictions for NC_004431.1.fasta already exist
2026-04-25 23:30:55,292 - predict_GI - INFO - Predictions for NC_004603.1.fasta already exist
2026-04-25 23:30:55,292 - predict_GI - INFO - Predictions for NC_004070.1.fasta already exist
2026-04-25 23:30:55,318 - predict_GI - INFO - outputs/boundaries_predictions/literature_set/ensemble_voting_soft_benbow_fine_tuned_default/9000/0.8
2026-04-25 23:30:55,319 - predict_GI - INFO - outputs/boundaries_predictions/literature_set
2026-04-25 23:30:55,347 - predict_GI - INFO - Predictions for NC_003198.1.fasta already exist
2026-04-25 23:30:55,347 - predict_GI - INFO - Predictions for NC_002695.1.fasta already exist
2026-04-25 23:30:55,347 - predict_GI - INFO - Predictions for NC_003923.1.fasta already exist
2026-04-25 23:30:55,347 - predict_GI - INFO - Predictions for NC_004431.1.fasta already exist
2026-04-25 23:30:55,347 - predict_GI - INFO - Predictions for NC_004603.1.fasta already exist
2026-04-25 23:30:55,347 - predict_GI - INFO - Predictions for NC_004070.1.fasta already exist
2026-04-25 23:30:55,485 - predict_GI - INFO - saving results to outputs/boundaries_predictions/literature_set
2026-04-25 23:30:55,534 - predict_GI - INFO - saving results to outputs/boundaries_predictions/literature_set
2026-04-25 23:30:55,595 - predict_GI - INFO - --- Finish ---
2026-04-25 23:30:55,595 - predict_GI - INFO -  --- Process took 0.367 seconds ---
2026-04-25 23:30:55,648 - predict_GI - INFO - --- Finish ---
2026-04-25 23:30:55,648 - predict_GI - INFO -  --- Process took 0.422 seconds ---
2026-04-25 23:30:55,671 - predict_GI - INFO - outputs/boundaries_predictions/literature_set/ensemble_voting_soft_benbow_fine_tuned_default/10000/0.7
2026-04-25 23:30:55,681 - predict_GI - INFO - outputs/boundaries_predictions/literature_set
2026-04-25 23:30:55,688 - predict_GI - INFO - outputs/boundaries_predictions/literature_set/ensemble_voting_soft_benbow_fine_tuned_default/10000/0.8
2026-04-25 23:30:55,688 - predict_GI - INFO - outputs/boundaries_predictions/literature_set
2026-04-25 23:30:55,709 - predict_GI - INFO - saving results to outputs/boundaries_predictions/literature_set
2026-04-25 23:30:55,712 - predict_GI - INFO - Predictions for NC_003198.1.fasta already exist
2026-04-25 23:30:55,712 - predict_GI - INFO - Predictions for NC_002695.1.fasta already exist
2026-04-25 23:30:55,712 - predict_GI - INFO - Predictions for NC_003923.1.fasta already exist
2026-04-25 23:30:55,712 - predict_GI - INFO - Predictions for NC_004431.1.fasta already exist
2026-04-25 23:30:55,712 - predict_GI - INFO - Predictions for NC_004603.1.fasta already exist
2026-04-25 23:30:55,712 - predict_GI - INFO - Predictions for NC_004070.1.fasta already exist
2026-04-25 23:30:55,714 - predict_GI - INFO - Predictions for NC_003198.1.fasta already exist
2026-04-25 23:30:55,714 - predict_GI - INFO - Predictions for NC_002695.1.fasta already exist
2026-04-25 23:30:55,714 - predict_GI - INFO - Predictions for NC_003923.1.fasta already exist
2026-04-25 23:30:55,714 - predict_GI - INFO - Predictions for NC_004431.1.fasta already exist
2026-04-25 23:30:55,715 - predict_GI - INFO - Predictions for NC_004603.1.fasta already exist
2026-04-25 23:30:55,715 - predict_GI - INFO - Predictions for NC_004070.1.fasta already exist
2026-04-25 23:30:55,772 - predict_GI - INFO - --- Finish ---
2026-04-25 23:30:55,772 - predict_GI - INFO -  --- Process took 0.488 seconds ---
2026-04-25 23:30:55,844 - predict_GI - INFO - outputs/boundaries_predictions/literature_set/ensemble_voting_soft_benbow_fine_tuned_default/11000/0.6
2026-04-25 23:30:55,844 - predict_GI - INFO - outputs/boundaries_predictions/literature_set
2026-04-25 23:30:55,891 - predict_GI - INFO - Predictions for NC_003198.1.fasta already exist
2026-04-25 23:30:55,891 - predict_GI - INFO - Predictions for NC_002695.1.fasta already exist
2026-04-25 23:30:55,891 - predict_GI - INFO - Predictions for NC_003923.1.fasta already exist
2026-04-25 23:30:55,891 - predict_GI - INFO - Predictions for NC_004431.1.fasta already exist
2026-04-25 23:30:55,892 - predict_GI - INFO - Predictions for NC_004603.1.fasta already exist
2026-04-25 23:30:55,892 - predict_GI - INFO - Predictions for NC_004070.1.fasta already exist
2026-04-25 23:30:55,892 - predict_GI - INFO - saving results to outputs/boundaries_predictions/literature_set
2026-04-25 23:30:55,940 - predict_GI - INFO - saving results to outputs/boundaries_predictions/literature_set
2026-04-25 23:30:56,101 - predict_GI - INFO - outputs/boundaries_predictions/literature_set/ensemble_voting_soft_benbow_fine_tuned_default/11000/0.7
2026-04-25 23:30:56,101 - predict_GI - INFO - outputs/boundaries_predictions/literature_set
2026-04-25 23:30:56,160 - predict_GI - INFO - Predictions for NC_003198.1.fasta already exist
2026-04-25 23:30:56,160 - predict_GI - INFO - Predictions for NC_002695.1.fasta already exist
2026-04-25 23:30:56,160 - predict_GI - INFO - Predictions for NC_003923.1.fasta already exist
2026-04-25 23:30:56,160 - predict_GI - INFO - Predictions for NC_004431.1.fasta already exist
2026-04-25 23:30:56,160 - predict_GI - INFO - Predictions for NC_004603.1.fasta already exist
2026-04-25 23:30:56,160 - predict_GI - INFO - Predictions for NC_004070.1.fasta already exist
2026-04-25 23:30:56,182 - predict_GI - INFO - --- Finish ---
2026-04-25 23:30:56,182 - predict_GI - INFO -  --- Process took 0.522 seconds ---
2026-04-25 23:30:56,198 - predict_GI - INFO - --- Finish ---
2026-04-25 23:30:56,198 - predict_GI - INFO -  --- Process took 0.529 seconds ---
2026-04-25 23:30:56,209 - predict_GI - INFO - outputs/boundaries_predictions/literature_set/ensemble_voting_soft_benbow_fine_tuned_default/11000/0.8
2026-04-25 23:30:56,209 - predict_GI - INFO - outputs/boundaries_predictions/literature_set
2026-04-25 23:30:56,228 - predict_GI - INFO - Predictions for NC_003198.1.fasta already exist
2026-04-25 23:30:56,228 - predict_GI - INFO - Predictions for NC_002695.1.fasta already exist
2026-04-25 23:30:56,228 - predict_GI - INFO - Predictions for NC_003923.1.fasta already exist
2026-04-25 23:30:56,228 - predict_GI - INFO - Predictions for NC_004431.1.fasta already exist
2026-04-25 23:30:56,228 - predict_GI - INFO - Predictions for NC_004603.1.fasta already exist
2026-04-25 23:30:56,228 - predict_GI - INFO - Predictions for NC_004070.1.fasta already exist
2026-04-25 23:30:56,308 - predict_GI - INFO - outputs/boundaries_predictions/literature_set/ensemble_voting_soft_benbow_fine_tuned_default/12000/0.8
2026-04-25 23:30:56,309 - predict_GI - INFO - outputs/boundaries_predictions/literature_set
2026-04-25 23:30:56,310 - predict_GI - INFO - outputs/boundaries_predictions/literature_set/ensemble_voting_soft_benbow_fine_tuned_default/12000/0.6
2026-04-25 23:30:56,310 - predict_GI - INFO - outputs/boundaries_predictions/literature_set
2026-04-25 23:30:56,326 - predict_GI - INFO - Predictions for NC_003198.1.fasta already exist
2026-04-25 23:30:56,326 - predict_GI - INFO - Predictions for NC_002695.1.fasta already exist
2026-04-25 23:30:56,334 - predict_GI - INFO - saving results to outputs/boundaries_predictions/literature_set
2026-04-25 23:30:56,326 - predict_GI - INFO - Predictions for NC_003923.1.fasta already exist
2026-04-25 23:30:56,337 - predict_GI - INFO - Predictions for NC_004431.1.fasta already exist
2026-04-25 23:30:56,337 - predict_GI - INFO - Predictions for NC_004603.1.fasta already exist
2026-04-25 23:30:56,336 - predict_GI - INFO - outputs/boundaries_predictions/literature_set/ensemble_voting_soft_benbow_fine_tuned_default/12000/0.7
2026-04-25 23:30:56,340 - predict_GI - INFO - outputs/boundaries_predictions/literature_set
2026-04-25 23:30:56,341 - predict_GI - INFO - Predictions for NC_004070.1.fasta already exist
2026-04-25 23:30:56,347 - predict_GI - INFO - Predictions for NC_003198.1.fasta already exist
2026-04-25 23:30:56,348 - predict_GI - INFO - Predictions for NC_002695.1.fasta already exist
2026-04-25 23:30:56,348 - predict_GI - INFO - Predictions for NC_003923.1.fasta already exist
2026-04-25 23:30:56,348 - predict_GI - INFO - Predictions for NC_004431.1.fasta already exist
2026-04-25 23:30:56,348 - predict_GI - INFO - Predictions for NC_004603.1.fasta already exist
2026-04-25 23:30:56,348 - predict_GI - INFO - Predictions for NC_004070.1.fasta already exist
2026-04-25 23:30:56,373 - predict_GI - INFO - Predictions for NC_003198.1.fasta already exist
2026-04-25 23:30:56,373 - predict_GI - INFO - Predictions for NC_002695.1.fasta already exist
2026-04-25 23:30:56,373 - predict_GI - INFO - Predictions for NC_003923.1.fasta already exist
2026-04-25 23:30:56,373 - predict_GI - INFO - Predictions for NC_004431.1.fasta already exist
2026-04-25 23:30:56,373 - predict_GI - INFO - Predictions for NC_004603.1.fasta already exist
2026-04-25 23:30:56,373 - predict_GI - INFO - Predictions for NC_004070.1.fasta already exist
2026-04-25 23:30:56,393 - predict_GI - INFO - --- Finish ---
2026-04-25 23:30:56,393 - predict_GI - INFO -  --- Process took 0.552 seconds ---
2026-04-25 23:30:56,490 - predict_GI - INFO - saving results to outputs/boundaries_predictions/literature_set
2026-04-25 23:30:56,538 - predict_GI - INFO - saving results to outputs/boundaries_predictions/literature_set
2026-04-25 23:30:56,577 - predict_GI - INFO - saving results to outputs/boundaries_predictions/literature_set
2026-04-25 23:30:56,679 - predict_GI - INFO - --- Finish ---
2026-04-25 23:30:56,679 - predict_GI - INFO -  --- Process took 0.581 seconds ---
2026-04-25 23:30:56,721 - predict_GI - INFO - saving results to outputs/boundaries_predictions/literature_set
2026-04-25 23:30:56,726 - predict_GI - INFO - saving results to outputs/boundaries_predictions/literature_set
2026-04-25 23:30:56,728 - predict_GI - INFO - --- Finish ---
2026-04-25 23:30:56,728 - predict_GI - INFO -  --- Process took 0.521 seconds ---
2026-04-25 23:30:56,733 - predict_GI - INFO - outputs/boundaries_predictions/literature_set/ensemble_voting_soft_benbow_fine_tuned_default/13000/0.6
2026-04-25 23:30:56,733 - predict_GI - INFO - outputs/boundaries_predictions/literature_set
2026-04-25 23:30:56,748 - predict_GI - INFO - --- Finish ---
2026-04-25 23:30:56,749 - predict_GI - INFO -  --- Process took 0.434 seconds ---
2026-04-25 23:30:56,768 - predict_GI - INFO - Predictions for NC_003198.1.fasta already exist
2026-04-25 23:30:56,768 - predict_GI - INFO - Predictions for NC_002695.1.fasta already exist
2026-04-25 23:30:56,769 - predict_GI - INFO - Predictions for NC_003923.1.fasta already exist
2026-04-25 23:30:56,769 - predict_GI - INFO - Predictions for NC_004431.1.fasta already exist
2026-04-25 23:30:56,769 - predict_GI - INFO - Predictions for NC_004603.1.fasta already exist
2026-04-25 23:30:56,769 - predict_GI - INFO - Predictions for NC_004070.1.fasta already exist
2026-04-25 23:30:56,771 - predict_GI - INFO - --- Finish ---
2026-04-25 23:30:56,771 - predict_GI - INFO -  --- Process took 0.463 seconds ---
2026-04-25 23:30:56,802 - predict_GI - INFO - --- Finish ---
2026-04-25 23:30:56,803 - predict_GI - INFO -  --- Process took 0.496 seconds ---
2026-04-25 23:30:57,293 - predict_GI - INFO - saving results to outputs/boundaries_predictions/literature_set
2026-04-25 23:30:57,469 - predict_GI - INFO - --- Finish ---
2026-04-25 23:30:57,469 - predict_GI - INFO -  --- Process took 0.738 seconds ---
2026-04-25 23:30:57,543 - predict_GI - INFO - outputs/boundaries_predictions/literature_set/ensemble_voting_soft_benbow_fine_tuned_default/13000/0.7
2026-04-25 23:30:57,543 - predict_GI - INFO - outputs/boundaries_predictions/literature_set
2026-04-25 23:30:57,566 - predict_GI - INFO - Predictions for NC_003198.1.fasta already exist
2026-04-25 23:30:57,566 - predict_GI - INFO - Predictions for NC_002695.1.fasta already exist
2026-04-25 23:30:57,566 - predict_GI - INFO - Predictions for NC_003923.1.fasta already exist
2026-04-25 23:30:57,566 - predict_GI - INFO - Predictions for NC_004431.1.fasta already exist
2026-04-25 23:30:57,566 - predict_GI - INFO - Predictions for NC_004603.1.fasta already exist
2026-04-25 23:30:57,567 - predict_GI - INFO - Predictions for NC_004070.1.fasta already exist
2026-04-25 23:30:57,591 - predict_GI - INFO - outputs/boundaries_predictions/literature_set/ensemble_voting_soft_benbow_fine_tuned_default/13000/0.8
2026-04-25 23:30:57,591 - predict_GI - INFO - outputs/boundaries_predictions/literature_set
2026-04-25 23:30:57,606 - predict_GI - INFO - outputs/boundaries_predictions/literature_set/ensemble_voting_soft_benbow_fine_tuned_default/14000/0.6
2026-04-25 23:30:57,606 - predict_GI - INFO - outputs/boundaries_predictions/literature_set
2026-04-25 23:30:57,621 - predict_GI - INFO - Predictions for NC_003198.1.fasta already exist
2026-04-25 23:30:57,621 - predict_GI - INFO - Predictions for NC_002695.1.fasta already exist
2026-04-25 23:30:57,621 - predict_GI - INFO - Predictions for NC_003923.1.fasta already exist
2026-04-25 23:30:57,621 - predict_GI - INFO - Predictions for NC_004431.1.fasta already exist
2026-04-25 23:30:57,621 - predict_GI - INFO - Predictions for NC_004603.1.fasta already exist
2026-04-25 23:30:57,621 - predict_GI - INFO - Predictions for NC_004070.1.fasta already exist
2026-04-25 23:30:57,628 - predict_GI - INFO - Predictions for NC_003198.1.fasta already exist
2026-04-25 23:30:57,628 - predict_GI - INFO - Predictions for NC_002695.1.fasta already exist
2026-04-25 23:30:57,628 - predict_GI - INFO - Predictions for NC_003923.1.fasta already exist
2026-04-25 23:30:57,628 - predict_GI - INFO - Predictions for NC_004431.1.fasta already exist
2026-04-25 23:30:57,628 - predict_GI - INFO - Predictions for NC_004603.1.fasta already exist
2026-04-25 23:30:57,628 - predict_GI - INFO - Predictions for NC_004070.1.fasta already exist
2026-04-25 23:30:57,811 - predict_GI - INFO - saving results to outputs/boundaries_predictions/literature_set
2026-04-25 23:30:57,903 - predict_GI - INFO - outputs/boundaries_predictions/literature_set/ensemble_voting_soft_benbow_fine_tuned_default/14000/0.8
2026-04-25 23:30:57,903 - predict_GI - INFO - outputs/boundaries_predictions/literature_set
2026-04-25 23:30:57,927 - predict_GI - INFO - outputs/boundaries_predictions/literature_set/ensemble_voting_soft_benbow_fine_tuned_default/14000/0.7
2026-04-25 23:30:57,928 - predict_GI - INFO - outputs/boundaries_predictions/literature_set
2026-04-25 23:30:57,928 - predict_GI - INFO - saving results to outputs/boundaries_predictions/literature_set
2026-04-25 23:30:57,937 - predict_GI - INFO - saving results to outputs/boundaries_predictions/literature_set
2026-04-25 23:30:57,937 - predict_GI - INFO - --- Finish ---
2026-04-25 23:30:57,937 - predict_GI - INFO -  --- Process took 0.417 seconds ---
2026-04-25 23:30:57,947 - predict_GI - INFO - Predictions for NC_003198.1.fasta already exist
2026-04-25 23:30:57,947 - predict_GI - INFO - Predictions for NC_002695.1.fasta already exist
2026-04-25 23:30:57,947 - predict_GI - INFO - Predictions for NC_003923.1.fasta already exist
2026-04-25 23:30:57,948 - predict_GI - INFO - Predictions for NC_004431.1.fasta already exist
2026-04-25 23:30:57,948 - predict_GI - INFO - Predictions for NC_004603.1.fasta already exist
2026-04-25 23:30:57,948 - predict_GI - INFO - Predictions for NC_004070.1.fasta already exist
2026-04-25 23:30:57,953 - predict_GI - INFO - --- Finish ---
2026-04-25 23:30:57,953 - predict_GI - INFO -  --- Process took 0.368 seconds ---
2026-04-25 23:30:57,972 - predict_GI - INFO - --- Finish ---
2026-04-25 23:30:57,972 - predict_GI - INFO -  --- Process took 0.368 seconds ---
2026-04-25 23:30:57,973 - predict_GI - INFO - Predictions for NC_003198.1.fasta already exist
2026-04-25 23:30:57,973 - predict_GI - INFO - Predictions for NC_002695.1.fasta already exist
2026-04-25 23:30:57,973 - predict_GI - INFO - Predictions for NC_003923.1.fasta already exist
2026-04-25 23:30:57,973 - predict_GI - INFO - Predictions for NC_004431.1.fasta already exist
2026-04-25 23:30:57,973 - predict_GI - INFO - Predictions for NC_004603.1.fasta already exist
2026-04-25 23:30:57,974 - predict_GI - INFO - Predictions for NC_004070.1.fasta already exist
2026-04-25 23:30:58,100 - predict_GI - INFO - outputs/boundaries_predictions/literature_set/ensemble_voting_soft_benbow_fine_tuned_default/15000/0.6
2026-04-25 23:30:58,100 - predict_GI - INFO - outputs/boundaries_predictions/literature_set
2026-04-25 23:30:58,119 - predict_GI - INFO - Predictions for NC_003198.1.fasta already exist
2026-04-25 23:30:58,119 - predict_GI - INFO - Predictions for NC_002695.1.fasta already exist
2026-04-25 23:30:58,119 - predict_GI - INFO - Predictions for NC_003923.1.fasta already exist
2026-04-25 23:30:58,119 - predict_GI - INFO - Predictions for NC_004431.1.fasta already exist
2026-04-25 23:30:58,119 - predict_GI - INFO - Predictions for NC_004603.1.fasta already exist
2026-04-25 23:30:58,119 - predict_GI - INFO - Predictions for NC_004070.1.fasta already exist
2026-04-25 23:30:58,121 - predict_GI - INFO - saving results to outputs/boundaries_predictions/literature_set
2026-04-25 23:30:58,139 - predict_GI - INFO - outputs/boundaries_predictions/literature_set/ensemble_voting_soft_benbow_fine_tuned_default/15000/0.7
2026-04-25 23:30:58,139 - predict_GI - INFO - outputs/boundaries_predictions/literature_set
2026-04-25 23:30:58,193 - predict_GI - INFO - Predictions for NC_003198.1.fasta already exist
2026-04-25 23:30:58,194 - predict_GI - INFO - Predictions for NC_002695.1.fasta already exist
2026-04-25 23:30:58,194 - predict_GI - INFO - Predictions for NC_003923.1.fasta already exist
2026-04-25 23:30:58,194 - predict_GI - INFO - Predictions for NC_004431.1.fasta already exist
2026-04-25 23:30:58,194 - predict_GI - INFO - Predictions for NC_004603.1.fasta already exist
2026-04-25 23:30:58,194 - predict_GI - INFO - Predictions for NC_004070.1.fasta already exist
2026-04-25 23:30:58,213 - predict_GI - INFO - saving results to outputs/boundaries_predictions/literature_set
2026-04-25 23:30:58,250 - predict_GI - INFO - outputs/boundaries_predictions/literature_set/ensemble_voting_soft_benbow_fine_tuned_default/15000/0.8
2026-04-25 23:30:58,250 - predict_GI - INFO - outputs/boundaries_predictions/literature_set
2026-04-25 23:30:58,464 - predict_GI - INFO - --- Finish ---
2026-04-25 23:30:58,464 - predict_GI - INFO -  --- Process took 0.563 seconds ---
2026-04-25 23:30:58,464 - predict_GI - INFO - --- Finish ---
2026-04-25 23:30:58,464 - predict_GI - INFO -  --- Process took 0.540 seconds ---
2026-04-25 23:30:58,517 - predict_GI - INFO - Predictions for NC_003198.1.fasta already exist
2026-04-25 23:30:58,518 - predict_GI - INFO - Predictions for NC_002695.1.fasta already exist
2026-04-25 23:30:58,518 - predict_GI - INFO - Predictions for NC_003923.1.fasta already exist
2026-04-25 23:30:58,518 - predict_GI - INFO - Predictions for NC_004431.1.fasta already exist
2026-04-25 23:30:58,518 - predict_GI - INFO - Predictions for NC_004603.1.fasta already exist
2026-04-25 23:30:58,518 - predict_GI - INFO - Predictions for NC_004070.1.fasta already exist
2026-04-25 23:30:58,612 - predict_GI - INFO - saving results to outputs/boundaries_predictions/literature_set
2026-04-25 23:30:58,626 - predict_GI - INFO - saving results to outputs/boundaries_predictions/literature_set
2026-04-25 23:30:58,723 - predict_GI - INFO - --- Finish ---
2026-04-25 23:30:58,723 - predict_GI - INFO -  --- Process took 0.586 seconds ---
2026-04-25 23:30:58,723 - predict_GI - INFO - saving results to outputs/boundaries_predictions/literature_set
2026-04-25 23:30:58,844 - predict_GI - INFO - --- Finish ---
2026-04-25 23:30:58,844 - predict_GI - INFO -  --- Process took 0.746 seconds ---
2026-04-25 23:30:58,919 - predict_GI - INFO - --- Finish ---
2026-04-25 23:30:58,919 - predict_GI - INFO -  --- Process took 0.699 seconds ---
