2026-04-25 23:30:58,162 - predict_GI - INFO - outputs/boundaries_predictions/literature_set/ensemble_stacking_benbow_fine_tuned_default/5000/0.6
2026-04-25 23:30:58,162 - predict_GI - INFO - outputs/boundaries_predictions/literature_set
2026-04-25 23:30:58,185 - predict_GI - INFO - Predictions for NC_003198.1.fasta already exist
2026-04-25 23:30:58,185 - predict_GI - INFO - Predictions for NC_002695.1.fasta already exist
2026-04-25 23:30:58,185 - predict_GI - INFO - Predictions for NC_003923.1.fasta already exist
2026-04-25 23:30:58,185 - predict_GI - INFO - Predictions for NC_004431.1.fasta already exist
2026-04-25 23:30:58,186 - predict_GI - INFO - Predictions for NC_004603.1.fasta already exist
2026-04-25 23:30:58,186 - predict_GI - INFO - Predictions for NC_004070.1.fasta already exist
2026-04-25 23:30:58,465 - predict_GI - INFO - outputs/boundaries_predictions/literature_set/ensemble_stacking_benbow_fine_tuned_default/5000/0.7
2026-04-25 23:30:58,465 - predict_GI - INFO - outputs/boundaries_predictions/literature_set
2026-04-25 23:30:58,476 - predict_GI - INFO - outputs/boundaries_predictions/literature_set/ensemble_stacking_benbow_fine_tuned_default/5000/0.8
2026-04-25 23:30:58,476 - predict_GI - INFO - outputs/boundaries_predictions/literature_set
2026-04-25 23:30:58,534 - predict_GI - INFO - Predictions for NC_003198.1.fasta already exist
2026-04-25 23:30:58,534 - predict_GI - INFO - Predictions for NC_002695.1.fasta already exist
2026-04-25 23:30:58,535 - predict_GI - INFO - Predictions for NC_003923.1.fasta already exist
2026-04-25 23:30:58,535 - predict_GI - INFO - Predictions for NC_004431.1.fasta already exist
2026-04-25 23:30:58,535 - predict_GI - INFO - Predictions for NC_004603.1.fasta already exist
2026-04-25 23:30:58,535 - predict_GI - INFO - Predictions for NC_004070.1.fasta already exist
2026-04-25 23:30:58,542 - predict_GI - INFO - Predictions for NC_003198.1.fasta already exist
2026-04-25 23:30:58,542 - predict_GI - INFO - Predictions for NC_002695.1.fasta already exist
2026-04-25 23:30:58,542 - predict_GI - INFO - Predictions for NC_003923.1.fasta already exist
2026-04-25 23:30:58,542 - predict_GI - INFO - Predictions for NC_004431.1.fasta already exist
2026-04-25 23:30:58,542 - predict_GI - INFO - Predictions for NC_004603.1.fasta already exist
2026-04-25 23:30:58,542 - predict_GI - INFO - Predictions for NC_004070.1.fasta already exist
2026-04-25 23:30:58,639 - predict_GI - INFO - saving results to outputs/boundaries_predictions/literature_set
2026-04-25 23:30:58,808 - predict_GI - INFO - saving results to outputs/boundaries_predictions/literature_set
2026-04-25 23:30:58,959 - predict_GI - INFO - saving results to outputs/boundaries_predictions/literature_set
2026-04-25 23:30:58,966 - predict_GI - INFO - outputs/boundaries_predictions/literature_set/ensemble_stacking_benbow_fine_tuned_default/6000/0.6
2026-04-25 23:30:58,966 - predict_GI - INFO - outputs/boundaries_predictions/literature_set
2026-04-25 23:30:59,054 - predict_GI - INFO - Predictions for NC_003198.1.fasta already exist
2026-04-25 23:30:59,054 - predict_GI - INFO - Predictions for NC_002695.1.fasta already exist
2026-04-25 23:30:59,054 - predict_GI - INFO - Predictions for NC_003923.1.fasta already exist
2026-04-25 23:30:59,054 - predict_GI - INFO - Predictions for NC_004431.1.fasta already exist
2026-04-25 23:30:59,061 - predict_GI - INFO - Predictions for NC_004603.1.fasta already exist
2026-04-25 23:30:59,061 - predict_GI - INFO - Predictions for NC_004070.1.fasta already exist
2026-04-25 23:30:59,485 - predict_GI - INFO - saving results to outputs/boundaries_predictions/literature_set
2026-04-25 23:30:59,817 - predict_GI - INFO - outputs/boundaries_predictions/literature_set/ensemble_stacking_benbow_fine_tuned_default/6000/0.7
2026-04-25 23:30:59,817 - predict_GI - INFO - outputs/boundaries_predictions/literature_set
2026-04-25 23:30:59,832 - predict_GI - INFO - Predictions for NC_003198.1.fasta already exist
2026-04-25 23:30:59,832 - predict_GI - INFO - Predictions for NC_002695.1.fasta already exist
2026-04-25 23:30:59,832 - predict_GI - INFO - Predictions for NC_003923.1.fasta already exist
2026-04-25 23:30:59,832 - predict_GI - INFO - Predictions for NC_004431.1.fasta already exist
2026-04-25 23:30:59,832 - predict_GI - INFO - Predictions for NC_004603.1.fasta already exist
2026-04-25 23:30:59,832 - predict_GI - INFO - Predictions for NC_004070.1.fasta already exist
2026-04-25 23:30:59,995 - predict_GI - INFO - outputs/boundaries_predictions/literature_set/ensemble_stacking_benbow_fine_tuned_default/7000/0.6
2026-04-25 23:30:59,995 - predict_GI - INFO - outputs/boundaries_predictions/literature_set
2026-04-25 23:31:00,031 - predict_GI - INFO - outputs/boundaries_predictions/literature_set/ensemble_stacking_benbow_fine_tuned_default/6000/0.8
2026-04-25 23:31:00,031 - predict_GI - INFO - outputs/boundaries_predictions/literature_set
2026-04-25 23:31:00,046 - predict_GI - INFO - Predictions for NC_003198.1.fasta already exist
2026-04-25 23:31:00,046 - predict_GI - INFO - Predictions for NC_002695.1.fasta already exist
2026-04-25 23:31:00,046 - predict_GI - INFO - Predictions for NC_003923.1.fasta already exist
2026-04-25 23:31:00,046 - predict_GI - INFO - Predictions for NC_004431.1.fasta already exist
2026-04-25 23:31:00,046 - predict_GI - INFO - Predictions for NC_004603.1.fasta already exist
2026-04-25 23:31:00,046 - predict_GI - INFO - Predictions for NC_004070.1.fasta already exist
2026-04-25 23:31:00,056 - predict_GI - INFO - Predictions for NC_003198.1.fasta already exist
2026-04-25 23:31:00,056 - predict_GI - INFO - Predictions for NC_002695.1.fasta already exist
2026-04-25 23:31:00,056 - predict_GI - INFO - Predictions for NC_003923.1.fasta already exist
2026-04-25 23:31:00,056 - predict_GI - INFO - Predictions for NC_004431.1.fasta already exist
2026-04-25 23:31:00,057 - predict_GI - INFO - Predictions for NC_004603.1.fasta already exist
2026-04-25 23:31:00,057 - predict_GI - INFO - Predictions for NC_004070.1.fasta already exist
2026-04-25 23:31:00,142 - predict_GI - INFO - saving results to outputs/boundaries_predictions/literature_set
2026-04-25 23:31:00,147 - predict_GI - INFO - outputs/boundaries_predictions/literature_set/ensemble_stacking_benbow_fine_tuned_default/7000/0.8
2026-04-25 23:31:00,147 - predict_GI - INFO - outputs/boundaries_predictions/literature_set
2026-04-25 23:31:00,170 - predict_GI - INFO - Predictions for NC_003198.1.fasta already exist
2026-04-25 23:31:00,170 - predict_GI - INFO - Predictions for NC_002695.1.fasta already exist
2026-04-25 23:31:00,170 - predict_GI - INFO - Predictions for NC_003923.1.fasta already exist
2026-04-25 23:31:00,170 - predict_GI - INFO - Predictions for NC_004431.1.fasta already exist
2026-04-25 23:31:00,170 - predict_GI - INFO - Predictions for NC_004603.1.fasta already exist
2026-04-25 23:31:00,170 - predict_GI - INFO - Predictions for NC_004070.1.fasta already exist
2026-04-25 23:31:00,217 - predict_GI - INFO - saving results to outputs/boundaries_predictions/literature_set
2026-04-25 23:31:00,222 - predict_GI - INFO - outputs/boundaries_predictions/literature_set/ensemble_stacking_benbow_fine_tuned_default/7000/0.7
2026-04-25 23:31:00,222 - predict_GI - INFO - outputs/boundaries_predictions/literature_set
2026-04-25 23:31:00,243 - predict_GI - INFO - Predictions for NC_003198.1.fasta already exist
2026-04-25 23:31:00,243 - predict_GI - INFO - Predictions for NC_002695.1.fasta already exist
2026-04-25 23:31:00,243 - predict_GI - INFO - Predictions for NC_003923.1.fasta already exist
2026-04-25 23:31:00,243 - predict_GI - INFO - Predictions for NC_004431.1.fasta already exist
2026-04-25 23:31:00,243 - predict_GI - INFO - Predictions for NC_004603.1.fasta already exist
2026-04-25 23:31:00,243 - predict_GI - INFO - Predictions for NC_004070.1.fasta already exist
2026-04-25 23:31:00,405 - predict_GI - INFO - saving results to outputs/boundaries_predictions/literature_set
2026-04-25 23:31:00,413 - predict_GI - INFO - outputs/boundaries_predictions/literature_set/ensemble_stacking_benbow_fine_tuned_default/8000/0.6
2026-04-25 23:31:00,413 - predict_GI - INFO - outputs/boundaries_predictions/literature_set
2026-04-25 23:31:00,428 - predict_GI - INFO - Predictions for NC_003198.1.fasta already exist
2026-04-25 23:31:00,428 - predict_GI - INFO - Predictions for NC_002695.1.fasta already exist
2026-04-25 23:31:00,428 - predict_GI - INFO - Predictions for NC_003923.1.fasta already exist
2026-04-25 23:31:00,428 - predict_GI - INFO - Predictions for NC_004431.1.fasta already exist
2026-04-25 23:31:00,428 - predict_GI - INFO - Predictions for NC_004603.1.fasta already exist
2026-04-25 23:31:00,428 - predict_GI - INFO - Predictions for NC_004070.1.fasta already exist
2026-04-25 23:31:00,556 - predict_GI - INFO - outputs/boundaries_predictions/literature_set/ensemble_stacking_benbow_fine_tuned_default/8000/0.7
2026-04-25 23:31:00,557 - predict_GI - INFO - outputs/boundaries_predictions/literature_set
2026-04-25 23:31:00,572 - predict_GI - INFO - saving results to outputs/boundaries_predictions/literature_set
2026-04-25 23:31:00,596 - predict_GI - INFO - Predictions for NC_003198.1.fasta already exist
2026-04-25 23:31:00,596 - predict_GI - INFO - Predictions for NC_002695.1.fasta already exist
2026-04-25 23:31:00,596 - predict_GI - INFO - Predictions for NC_003923.1.fasta already exist
2026-04-25 23:31:00,596 - predict_GI - INFO - Predictions for NC_004431.1.fasta already exist
2026-04-25 23:31:00,597 - predict_GI - INFO - Predictions for NC_004603.1.fasta already exist
2026-04-25 23:31:00,597 - predict_GI - INFO - Predictions for NC_004070.1.fasta already exist
2026-04-25 23:31:00,601 - predict_GI - INFO - outputs/boundaries_predictions/literature_set/ensemble_stacking_benbow_fine_tuned_default/8000/0.8
2026-04-25 23:31:00,601 - predict_GI - INFO - outputs/boundaries_predictions/literature_set
2026-04-25 23:31:00,628 - predict_GI - INFO - outputs/boundaries_predictions/literature_set/ensemble_stacking_benbow_fine_tuned_default/9000/0.6
2026-04-25 23:31:00,628 - predict_GI - INFO - outputs/boundaries_predictions/literature_set
2026-04-25 23:31:00,649 - predict_GI - INFO - --- Finish ---
2026-04-25 23:31:00,649 - predict_GI - INFO -  --- Process took 0.657 seconds ---
2026-04-25 23:31:00,653 - predict_GI - INFO - saving results to outputs/boundaries_predictions/literature_set
2026-04-25 23:31:00,672 - predict_GI - INFO - Predictions for NC_003198.1.fasta already exist
2026-04-25 23:31:00,672 - predict_GI - INFO - Predictions for NC_002695.1.fasta already exist
2026-04-25 23:31:00,672 - predict_GI - INFO - Predictions for NC_003923.1.fasta already exist
2026-04-25 23:31:00,672 - predict_GI - INFO - Predictions for NC_004431.1.fasta already exist
2026-04-25 23:31:00,672 - predict_GI - INFO - Predictions for NC_004603.1.fasta already exist
2026-04-25 23:31:00,673 - predict_GI - INFO - Predictions for NC_004070.1.fasta already exist
2026-04-25 23:31:00,675 - predict_GI - INFO - Predictions for NC_003198.1.fasta already exist
2026-04-25 23:31:00,675 - predict_GI - INFO - Predictions for NC_002695.1.fasta already exist
2026-04-25 23:31:00,675 - predict_GI - INFO - Predictions for NC_003923.1.fasta already exist
2026-04-25 23:31:00,675 - predict_GI - INFO - Predictions for NC_004431.1.fasta already exist
2026-04-25 23:31:00,675 - predict_GI - INFO - Predictions for NC_004603.1.fasta already exist
2026-04-25 23:31:00,675 - predict_GI - INFO - Predictions for NC_004070.1.fasta already exist
2026-04-25 23:31:00,679 - predict_GI - INFO - --- Finish ---
2026-04-25 23:31:00,679 - predict_GI - INFO -  --- Process took 0.534 seconds ---
2026-04-25 23:31:00,698 - predict_GI - INFO - outputs/boundaries_predictions/literature_set/ensemble_stacking_benbow_fine_tuned_default/9000/0.8
2026-04-25 23:31:00,698 - predict_GI - INFO - outputs/boundaries_predictions/literature_set
2026-04-25 23:31:00,708 - predict_GI - INFO - outputs/boundaries_predictions/literature_set/ensemble_stacking_benbow_fine_tuned_default/9000/0.7
2026-04-25 23:31:00,708 - predict_GI - INFO - outputs/boundaries_predictions/literature_set
2026-04-25 23:31:00,723 - predict_GI - INFO - Predictions for NC_003198.1.fasta already exist
2026-04-25 23:31:00,723 - predict_GI - INFO - Predictions for NC_002695.1.fasta already exist
2026-04-25 23:31:00,724 - predict_GI - INFO - Predictions for NC_003923.1.fasta already exist
2026-04-25 23:31:00,724 - predict_GI - INFO - Predictions for NC_004431.1.fasta already exist
2026-04-25 23:31:00,724 - predict_GI - INFO - Predictions for NC_004603.1.fasta already exist
2026-04-25 23:31:00,724 - predict_GI - INFO - Predictions for NC_004070.1.fasta already exist
2026-04-25 23:31:00,754 - predict_GI - INFO - Predictions for NC_003198.1.fasta already exist
2026-04-25 23:31:00,754 - predict_GI - INFO - Predictions for NC_002695.1.fasta already exist
2026-04-25 23:31:00,754 - predict_GI - INFO - Predictions for NC_003923.1.fasta already exist
2026-04-25 23:31:00,754 - predict_GI - INFO - Predictions for NC_004431.1.fasta already exist
2026-04-25 23:31:00,754 - predict_GI - INFO - Predictions for NC_004603.1.fasta already exist
2026-04-25 23:31:00,754 - predict_GI - INFO - Predictions for NC_004070.1.fasta already exist
2026-04-25 23:31:00,785 - predict_GI - INFO - --- Finish ---
2026-04-25 23:31:00,785 - predict_GI - INFO -  --- Process took 0.566 seconds ---
2026-04-25 23:31:00,821 - predict_GI - INFO - saving results to outputs/boundaries_predictions/literature_set
2026-04-25 23:31:00,832 - predict_GI - INFO - saving results to outputs/boundaries_predictions/literature_set
2026-04-25 23:31:00,880 - predict_GI - INFO - saving results to outputs/boundaries_predictions/literature_set
2026-04-25 23:31:00,952 - predict_GI - INFO - saving results to outputs/boundaries_predictions/literature_set
2026-04-25 23:31:00,991 - predict_GI - INFO - saving results to outputs/boundaries_predictions/literature_set
2026-04-25 23:31:01,083 - predict_GI - INFO - --- Finish ---
2026-04-25 23:31:01,083 - predict_GI - INFO -  --- Process took 0.672 seconds ---
2026-04-25 23:31:01,124 - predict_GI - INFO - saving results to outputs/boundaries_predictions/literature_set
2026-04-25 23:31:01,190 - predict_GI - INFO - outputs/boundaries_predictions/literature_set/ensemble_stacking_benbow_fine_tuned_default/10000/0.6
2026-04-25 23:31:01,190 - predict_GI - INFO - outputs/boundaries_predictions/literature_set
2026-04-25 23:31:01,228 - predict_GI - INFO - --- Finish ---
2026-04-25 23:31:01,228 - predict_GI - INFO -  --- Process took 0.523 seconds ---
2026-04-25 23:31:01,236 - predict_GI - INFO - Predictions for NC_003198.1.fasta already exist
2026-04-25 23:31:01,236 - predict_GI - INFO - Predictions for NC_002695.1.fasta already exist
2026-04-25 23:31:01,237 - predict_GI - INFO - Predictions for NC_003923.1.fasta already exist
2026-04-25 23:31:01,237 - predict_GI - INFO - Predictions for NC_004431.1.fasta already exist
2026-04-25 23:31:01,237 - predict_GI - INFO - Predictions for NC_004603.1.fasta already exist
2026-04-25 23:31:01,237 - predict_GI - INFO - Predictions for NC_004070.1.fasta already exist
2026-04-25 23:31:01,240 - predict_GI - INFO - --- Finish ---
2026-04-25 23:31:01,240 - predict_GI - INFO -  --- Process took 0.641 seconds ---
2026-04-25 23:31:01,250 - predict_GI - INFO - --- Finish ---
2026-04-25 23:31:01,250 - predict_GI - INFO -  --- Process took 0.728 seconds ---
2026-04-25 23:31:01,252 - predict_GI - INFO - --- Finish ---
2026-04-25 23:31:01,252 - predict_GI - INFO -  --- Process took 0.627 seconds ---
2026-04-25 23:31:01,320 - predict_GI - INFO - --- Finish ---
2026-04-25 23:31:01,320 - predict_GI - INFO -  --- Process took 0.623 seconds ---
2026-04-25 23:31:01,697 - predict_GI - INFO - saving results to outputs/boundaries_predictions/literature_set
2026-04-25 23:31:01,866 - predict_GI - INFO - outputs/boundaries_predictions/literature_set/ensemble_stacking_benbow_fine_tuned_default/10000/0.7
2026-04-25 23:31:01,866 - predict_GI - INFO - outputs/boundaries_predictions/literature_set
2026-04-25 23:31:01,941 - predict_GI - INFO - Predictions for NC_003198.1.fasta already exist
2026-04-25 23:31:01,941 - predict_GI - INFO - Predictions for NC_002695.1.fasta already exist
2026-04-25 23:31:01,941 - predict_GI - INFO - Predictions for NC_003923.1.fasta already exist
2026-04-25 23:31:01,941 - predict_GI - INFO - Predictions for NC_004431.1.fasta already exist
2026-04-25 23:31:01,941 - predict_GI - INFO - Predictions for NC_004603.1.fasta already exist
2026-04-25 23:31:01,941 - predict_GI - INFO - Predictions for NC_004070.1.fasta already exist
2026-04-25 23:31:01,974 - predict_GI - INFO - --- Finish ---
2026-04-25 23:31:01,974 - predict_GI - INFO -  --- Process took 0.789 seconds ---
2026-04-25 23:31:02,094 - predict_GI - INFO - outputs/boundaries_predictions/literature_set/ensemble_stacking_benbow_fine_tuned_default/10000/0.8
2026-04-25 23:31:02,094 - predict_GI - INFO - outputs/boundaries_predictions/literature_set
2026-04-25 23:31:02,120 - predict_GI - INFO - Predictions for NC_003198.1.fasta already exist
2026-04-25 23:31:02,120 - predict_GI - INFO - Predictions for NC_002695.1.fasta already exist
2026-04-25 23:31:02,120 - predict_GI - INFO - Predictions for NC_003923.1.fasta already exist
2026-04-25 23:31:02,120 - predict_GI - INFO - Predictions for NC_004431.1.fasta already exist
2026-04-25 23:31:02,120 - predict_GI - INFO - Predictions for NC_004603.1.fasta already exist
2026-04-25 23:31:02,120 - predict_GI - INFO - Predictions for NC_004070.1.fasta already exist
2026-04-25 23:31:02,134 - predict_GI - INFO - saving results to outputs/boundaries_predictions/literature_set
2026-04-25 23:31:02,254 - predict_GI - INFO - --- Finish ---
2026-04-25 23:31:02,254 - predict_GI - INFO -  --- Process took 0.392 seconds ---
2026-04-25 23:31:02,399 - predict_GI - INFO - saving results to outputs/boundaries_predictions/literature_set
2026-04-25 23:31:02,420 - predict_GI - INFO - outputs/boundaries_predictions/literature_set/ensemble_stacking_benbow_fine_tuned_default/11000/0.6
2026-04-25 23:31:02,420 - predict_GI - INFO - outputs/boundaries_predictions/literature_set
2026-04-25 23:31:02,425 - predict_GI - INFO - outputs/boundaries_predictions/literature_set/ensemble_stacking_benbow_fine_tuned_default/11000/0.7
2026-04-25 23:31:02,425 - predict_GI - INFO - outputs/boundaries_predictions/literature_set
2026-04-25 23:31:02,430 - predict_GI - INFO - --- Finish ---
2026-04-25 23:31:02,430 - predict_GI - INFO -  --- Process took 0.338 seconds ---
2026-04-25 23:31:02,444 - predict_GI - INFO - Predictions for NC_003198.1.fasta already exist
2026-04-25 23:31:02,444 - predict_GI - INFO - Predictions for NC_002695.1.fasta already exist
2026-04-25 23:31:02,444 - predict_GI - INFO - Predictions for NC_003923.1.fasta already exist
2026-04-25 23:31:02,444 - predict_GI - INFO - Predictions for NC_004431.1.fasta already exist
2026-04-25 23:31:02,444 - predict_GI - INFO - Predictions for NC_004603.1.fasta already exist
2026-04-25 23:31:02,444 - predict_GI - INFO - Predictions for NC_004070.1.fasta already exist
2026-04-25 23:31:02,458 - predict_GI - INFO - Predictions for NC_003198.1.fasta already exist
2026-04-25 23:31:02,458 - predict_GI - INFO - Predictions for NC_002695.1.fasta already exist
2026-04-25 23:31:02,458 - predict_GI - INFO - Predictions for NC_003923.1.fasta already exist
2026-04-25 23:31:02,458 - predict_GI - INFO - Predictions for NC_004431.1.fasta already exist
2026-04-25 23:31:02,458 - predict_GI - INFO - Predictions for NC_004603.1.fasta already exist
2026-04-25 23:31:02,458 - predict_GI - INFO - Predictions for NC_004070.1.fasta already exist
2026-04-25 23:31:02,656 - predict_GI - INFO - outputs/boundaries_predictions/literature_set/ensemble_stacking_benbow_fine_tuned_default/11000/0.8
2026-04-25 23:31:02,656 - predict_GI - INFO - outputs/boundaries_predictions/literature_set
2026-04-25 23:31:02,696 - predict_GI - INFO - Predictions for NC_003198.1.fasta already exist
2026-04-25 23:31:02,696 - predict_GI - INFO - Predictions for NC_002695.1.fasta already exist
2026-04-25 23:31:02,696 - predict_GI - INFO - Predictions for NC_003923.1.fasta already exist
2026-04-25 23:31:02,697 - predict_GI - INFO - Predictions for NC_004431.1.fasta already exist
2026-04-25 23:31:02,697 - predict_GI - INFO - Predictions for NC_004603.1.fasta already exist
2026-04-25 23:31:02,697 - predict_GI - INFO - Predictions for NC_004070.1.fasta already exist
2026-04-25 23:31:02,714 - predict_GI - INFO - saving results to outputs/boundaries_predictions/literature_set
2026-04-25 23:31:02,750 - predict_GI - INFO - saving results to outputs/boundaries_predictions/literature_set
2026-04-25 23:31:02,762 - predict_GI - INFO - outputs/boundaries_predictions/literature_set/ensemble_stacking_benbow_fine_tuned_default/12000/0.6
2026-04-25 23:31:02,762 - predict_GI - INFO - outputs/boundaries_predictions/literature_set
2026-04-25 23:31:02,780 - predict_GI - INFO - Predictions for NC_003198.1.fasta already exist
2026-04-25 23:31:02,780 - predict_GI - INFO - Predictions for NC_002695.1.fasta already exist
2026-04-25 23:31:02,780 - predict_GI - INFO - --- Finish ---
2026-04-25 23:31:02,780 - predict_GI - INFO - Predictions for NC_003923.1.fasta already exist
2026-04-25 23:31:02,780 - predict_GI - INFO - Predictions for NC_004431.1.fasta already exist
2026-04-25 23:31:02,780 - predict_GI - INFO -  --- Process took 0.357 seconds ---
2026-04-25 23:31:02,780 - predict_GI - INFO - Predictions for NC_004603.1.fasta already exist
2026-04-25 23:31:02,780 - predict_GI - INFO - Predictions for NC_004070.1.fasta already exist
2026-04-25 23:31:02,793 - predict_GI - INFO - --- Finish ---
2026-04-25 23:31:02,793 - predict_GI - INFO -  --- Process took 0.375 seconds ---
2026-04-25 23:31:02,802 - predict_GI - INFO - outputs/boundaries_predictions/literature_set/ensemble_stacking_benbow_fine_tuned_default/12000/0.7
2026-04-25 23:31:02,802 - predict_GI - INFO - outputs/boundaries_predictions/literature_set
2026-04-25 23:31:02,832 - predict_GI - INFO - Predictions for NC_003198.1.fasta already exist
2026-04-25 23:31:02,832 - predict_GI - INFO - Predictions for NC_002695.1.fasta already exist
2026-04-25 23:31:02,832 - predict_GI - INFO - Predictions for NC_003923.1.fasta already exist
2026-04-25 23:31:02,832 - predict_GI - INFO - Predictions for NC_004431.1.fasta already exist
2026-04-25 23:31:02,832 - predict_GI - INFO - Predictions for NC_004603.1.fasta already exist
2026-04-25 23:31:02,832 - predict_GI - INFO - Predictions for NC_004070.1.fasta already exist
2026-04-25 23:31:02,847 - predict_GI - INFO - outputs/boundaries_predictions/literature_set/ensemble_stacking_benbow_fine_tuned_default/13000/0.6
2026-04-25 23:31:02,875 - predict_GI - INFO - outputs/boundaries_predictions/literature_set
2026-04-25 23:31:02,940 - predict_GI - INFO - Predictions for NC_003198.1.fasta already exist
2026-04-25 23:31:02,940 - predict_GI - INFO - Predictions for NC_002695.1.fasta already exist
2026-04-25 23:31:02,940 - predict_GI - INFO - Predictions for NC_003923.1.fasta already exist
2026-04-25 23:31:02,940 - predict_GI - INFO - Predictions for NC_004431.1.fasta already exist
2026-04-25 23:31:02,940 - predict_GI - INFO - Predictions for NC_004603.1.fasta already exist
2026-04-25 23:31:02,940 - predict_GI - INFO - Predictions for NC_004070.1.fasta already exist
2026-04-25 23:31:02,944 - predict_GI - INFO - outputs/boundaries_predictions/literature_set/ensemble_stacking_benbow_fine_tuned_default/12000/0.8
2026-04-25 23:31:02,944 - predict_GI - INFO - outputs/boundaries_predictions/literature_set
2026-04-25 23:31:02,953 - predict_GI - INFO - saving results to outputs/boundaries_predictions/literature_set
2026-04-25 23:31:02,965 - predict_GI - INFO - outputs/boundaries_predictions/literature_set/ensemble_stacking_benbow_fine_tuned_default/13000/0.8
2026-04-25 23:31:02,965 - predict_GI - INFO - outputs/boundaries_predictions/literature_set
2026-04-25 23:31:02,988 - predict_GI - INFO - Predictions for NC_003198.1.fasta already exist
2026-04-25 23:31:02,989 - predict_GI - INFO - Predictions for NC_002695.1.fasta already exist
2026-04-25 23:31:02,989 - predict_GI - INFO - Predictions for NC_003923.1.fasta already exist
2026-04-25 23:31:02,989 - predict_GI - INFO - Predictions for NC_004431.1.fasta already exist
2026-04-25 23:31:02,989 - predict_GI - INFO - Predictions for NC_004603.1.fasta already exist
2026-04-25 23:31:02,989 - predict_GI - INFO - Predictions for NC_004070.1.fasta already exist
2026-04-25 23:31:02,997 - predict_GI - INFO - Predictions for NC_003198.1.fasta already exist
2026-04-25 23:31:02,997 - predict_GI - INFO - Predictions for NC_002695.1.fasta already exist
2026-04-25 23:31:02,998 - predict_GI - INFO - Predictions for NC_003923.1.fasta already exist
2026-04-25 23:31:02,998 - predict_GI - INFO - Predictions for NC_004431.1.fasta already exist
2026-04-25 23:31:02,998 - predict_GI - INFO - Predictions for NC_004603.1.fasta already exist
2026-04-25 23:31:02,998 - predict_GI - INFO - Predictions for NC_004070.1.fasta already exist
2026-04-25 23:31:03,018 - predict_GI - INFO - saving results to outputs/boundaries_predictions/literature_set
2026-04-25 23:31:03,065 - predict_GI - INFO - --- Finish ---
2026-04-25 23:31:03,065 - predict_GI - INFO -  --- Process took 0.306 seconds ---
2026-04-25 23:31:03,087 - predict_GI - INFO - --- Finish ---
2026-04-25 23:31:03,087 - predict_GI - INFO -  --- Process took 0.436 seconds ---
2026-04-25 23:31:03,130 - predict_GI - INFO - outputs/boundaries_predictions/literature_set/ensemble_stacking_benbow_fine_tuned_default/13000/0.7
2026-04-25 23:31:03,137 - predict_GI - INFO - outputs/boundaries_predictions/literature_set
2026-04-25 23:31:03,156 - predict_GI - INFO - saving results to outputs/boundaries_predictions/literature_set
2026-04-25 23:31:03,325 - predict_GI - INFO - Predictions for NC_003198.1.fasta already exist
2026-04-25 23:31:03,325 - predict_GI - INFO - Predictions for NC_002695.1.fasta already exist
2026-04-25 23:31:03,325 - predict_GI - INFO - Predictions for NC_003923.1.fasta already exist
2026-04-25 23:31:03,325 - predict_GI - INFO - Predictions for NC_004431.1.fasta already exist
2026-04-25 23:31:03,325 - predict_GI - INFO - Predictions for NC_004603.1.fasta already exist
2026-04-25 23:31:03,325 - predict_GI - INFO - Predictions for NC_004070.1.fasta already exist
2026-04-25 23:31:03,340 - predict_GI - INFO - saving results to outputs/boundaries_predictions/literature_set
2026-04-25 23:31:03,382 - predict_GI - INFO - saving results to outputs/boundaries_predictions/literature_set
2026-04-25 23:31:03,397 - predict_GI - INFO - --- Finish ---
2026-04-25 23:31:03,397 - predict_GI - INFO -  --- Process took 0.598 seconds ---
2026-04-25 23:31:03,409 - predict_GI - INFO - saving results to outputs/boundaries_predictions/literature_set
2026-04-25 23:31:03,411 - predict_GI - INFO - outputs/boundaries_predictions/literature_set/ensemble_stacking_benbow_fine_tuned_default/14000/0.6
2026-04-25 23:31:03,411 - predict_GI - INFO - outputs/boundaries_predictions/literature_set
2026-04-25 23:31:03,432 - predict_GI - INFO - Predictions for NC_003198.1.fasta already exist
2026-04-25 23:31:03,433 - predict_GI - INFO - Predictions for NC_002695.1.fasta already exist
2026-04-25 23:31:03,433 - predict_GI - INFO - Predictions for NC_003923.1.fasta already exist
2026-04-25 23:31:03,433 - predict_GI - INFO - Predictions for NC_004431.1.fasta already exist
2026-04-25 23:31:03,433 - predict_GI - INFO - Predictions for NC_004603.1.fasta already exist
2026-04-25 23:31:03,433 - predict_GI - INFO - Predictions for NC_004070.1.fasta already exist
2026-04-25 23:31:03,447 - predict_GI - INFO - --- Finish ---
2026-04-25 23:31:03,447 - predict_GI - INFO -  --- Process took 0.505 seconds ---
2026-04-25 23:31:03,464 - predict_GI - INFO - --- Finish ---
2026-04-25 23:31:03,464 - predict_GI - INFO -  --- Process took 0.619 seconds ---
2026-04-25 23:31:03,464 - predict_GI - INFO - --- Finish ---
2026-04-25 23:31:03,465 - predict_GI - INFO -  --- Process took 0.502 seconds ---
2026-04-25 23:31:03,672 - predict_GI - INFO - saving results to outputs/boundaries_predictions/literature_set
2026-04-25 23:31:03,673 - predict_GI - INFO - outputs/boundaries_predictions/literature_set/ensemble_stacking_benbow_fine_tuned_default/14000/0.7
2026-04-25 23:31:03,673 - predict_GI - INFO - outputs/boundaries_predictions/literature_set
2026-04-25 23:31:03,692 - predict_GI - INFO - Predictions for NC_003198.1.fasta already exist
2026-04-25 23:31:03,692 - predict_GI - INFO - Predictions for NC_002695.1.fasta already exist
2026-04-25 23:31:03,692 - predict_GI - INFO - Predictions for NC_003923.1.fasta already exist
2026-04-25 23:31:03,692 - predict_GI - INFO - Predictions for NC_004431.1.fasta already exist
2026-04-25 23:31:03,692 - predict_GI - INFO - Predictions for NC_004603.1.fasta already exist
2026-04-25 23:31:03,692 - predict_GI - INFO - Predictions for NC_004070.1.fasta already exist
2026-04-25 23:31:03,697 - predict_GI - INFO - --- Finish ---
2026-04-25 23:31:03,697 - predict_GI - INFO -  --- Process took 0.598 seconds ---
2026-04-25 23:31:03,712 - predict_GI - INFO - saving results to outputs/boundaries_predictions/literature_set
2026-04-25 23:31:03,767 - predict_GI - INFO - --- Finish ---
2026-04-25 23:31:03,767 - predict_GI - INFO -  --- Process took 0.358 seconds ---
2026-04-25 23:31:03,830 - predict_GI - INFO - saving results to outputs/boundaries_predictions/literature_set
2026-04-25 23:31:03,838 - predict_GI - INFO - outputs/boundaries_predictions/literature_set/ensemble_stacking_benbow_fine_tuned_default/14000/0.8
2026-04-25 23:31:03,838 - predict_GI - INFO - outputs/boundaries_predictions/literature_set
2026-04-25 23:31:03,852 - predict_GI - INFO - Predictions for NC_003198.1.fasta already exist
2026-04-25 23:31:03,852 - predict_GI - INFO - Predictions for NC_002695.1.fasta already exist
2026-04-25 23:31:03,852 - predict_GI - INFO - Predictions for NC_003923.1.fasta already exist
2026-04-25 23:31:03,852 - predict_GI - INFO - Predictions for NC_004431.1.fasta already exist
2026-04-25 23:31:03,852 - predict_GI - INFO - Predictions for NC_004603.1.fasta already exist
2026-04-25 23:31:03,852 - predict_GI - INFO - Predictions for NC_004070.1.fasta already exist
2026-04-25 23:31:03,856 - predict_GI - INFO - --- Finish ---
2026-04-25 23:31:03,856 - predict_GI - INFO -  --- Process took 0.185 seconds ---
2026-04-25 23:31:03,936 - predict_GI - INFO - outputs/boundaries_predictions/literature_set/ensemble_stacking_benbow_fine_tuned_default/15000/0.7
2026-04-25 23:31:03,936 - predict_GI - INFO - outputs/boundaries_predictions/literature_set
2026-04-25 23:31:03,942 - predict_GI - INFO - outputs/boundaries_predictions/literature_set/ensemble_stacking_benbow_fine_tuned_default/15000/0.6
2026-04-25 23:31:03,942 - predict_GI - INFO - outputs/boundaries_predictions/literature_set
2026-04-25 23:31:03,948 - predict_GI - INFO - Predictions for NC_003198.1.fasta already exist
2026-04-25 23:31:03,948 - predict_GI - INFO - Predictions for NC_002695.1.fasta already exist
2026-04-25 23:31:03,948 - predict_GI - INFO - Predictions for NC_003923.1.fasta already exist
2026-04-25 23:31:03,948 - predict_GI - INFO - Predictions for NC_004431.1.fasta already exist
2026-04-25 23:31:03,948 - predict_GI - INFO - Predictions for NC_004603.1.fasta already exist
2026-04-25 23:31:03,948 - predict_GI - INFO - Predictions for NC_004070.1.fasta already exist
2026-04-25 23:31:03,951 - predict_GI - INFO - saving results to outputs/boundaries_predictions/literature_set
2026-04-25 23:31:03,954 - predict_GI - INFO - Predictions for NC_003198.1.fasta already exist
2026-04-25 23:31:03,954 - predict_GI - INFO - Predictions for NC_002695.1.fasta already exist
2026-04-25 23:31:03,954 - predict_GI - INFO - Predictions for NC_003923.1.fasta already exist
2026-04-25 23:31:03,954 - predict_GI - INFO - Predictions for NC_004431.1.fasta already exist
2026-04-25 23:31:03,954 - predict_GI - INFO - Predictions for NC_004603.1.fasta already exist
2026-04-25 23:31:03,954 - predict_GI - INFO - Predictions for NC_004070.1.fasta already exist
2026-04-25 23:31:03,974 - predict_GI - INFO - --- Finish ---
2026-04-25 23:31:03,974 - predict_GI - INFO -  --- Process took 0.138 seconds ---
2026-04-25 23:31:04,024 - predict_GI - INFO - outputs/boundaries_predictions/literature_set/ensemble_stacking_benbow_fine_tuned_default/15000/0.8
2026-04-25 23:31:04,024 - predict_GI - INFO - outputs/boundaries_predictions/literature_set
2026-04-25 23:31:04,035 - predict_GI - INFO - Predictions for NC_003198.1.fasta already exist
2026-04-25 23:31:04,036 - predict_GI - INFO - Predictions for NC_002695.1.fasta already exist
2026-04-25 23:31:04,036 - predict_GI - INFO - Predictions for NC_003923.1.fasta already exist
2026-04-25 23:31:04,036 - predict_GI - INFO - Predictions for NC_004431.1.fasta already exist
2026-04-25 23:31:04,036 - predict_GI - INFO - Predictions for NC_004603.1.fasta already exist
2026-04-25 23:31:04,036 - predict_GI - INFO - Predictions for NC_004070.1.fasta already exist
2026-04-25 23:31:04,041 - predict_GI - INFO - saving results to outputs/boundaries_predictions/literature_set
2026-04-25 23:31:04,047 - predict_GI - INFO - saving results to outputs/boundaries_predictions/literature_set
2026-04-25 23:31:04,065 - predict_GI - INFO - --- Finish ---
2026-04-25 23:31:04,065 - predict_GI - INFO -  --- Process took 0.130 seconds ---
2026-04-25 23:31:04,071 - predict_GI - INFO - --- Finish ---
2026-04-25 23:31:04,071 - predict_GI - INFO -  --- Process took 0.131 seconds ---
2026-04-25 23:31:04,130 - predict_GI - INFO - saving results to outputs/boundaries_predictions/literature_set
2026-04-25 23:31:04,152 - predict_GI - INFO - --- Finish ---
2026-04-25 23:31:04,153 - predict_GI - INFO -  --- Process took 0.130 seconds ---
