2026-04-25 23:30:30,118 - predict_GI - INFO - outputs/boundaries_predictions/literature_set/ensemble_stacking_benbow_default/8000/0.6
2026-04-25 23:30:30,118 - predict_GI - INFO - outputs/boundaries_predictions/literature_set
2026-04-25 23:30:30,132 - predict_GI - INFO - outputs/boundaries_predictions/literature_set/ensemble_stacking_benbow_default/5000/0.7
2026-04-25 23:30:30,135 - predict_GI - INFO - outputs/boundaries_predictions/literature_set
2026-04-25 23:30:30,147 - predict_GI - INFO - Predictions for NC_003198.1.fasta already exist
2026-04-25 23:30:30,147 - predict_GI - INFO - Predictions for NC_002695.1.fasta already exist
2026-04-25 23:30:30,147 - predict_GI - INFO - Predictions for NC_003923.1.fasta already exist
2026-04-25 23:30:30,147 - predict_GI - INFO - Predictions for NC_004431.1.fasta already exist
2026-04-25 23:30:30,147 - predict_GI - INFO - Predictions for NC_004603.1.fasta already exist
2026-04-25 23:30:30,147 - predict_GI - INFO - Predictions for NC_004070.1.fasta already exist
2026-04-25 23:30:30,149 - predict_GI - INFO - outputs/boundaries_predictions/literature_set/ensemble_stacking_benbow_default/6000/0.8
2026-04-25 23:30:30,150 - predict_GI - INFO - outputs/boundaries_predictions/literature_set
2026-04-25 23:30:30,158 - predict_GI - INFO - outputs/boundaries_predictions/literature_set/ensemble_stacking_benbow_default/6000/0.6
2026-04-25 23:30:30,158 - predict_GI - INFO - outputs/boundaries_predictions/literature_set
2026-04-25 23:30:30,175 - predict_GI - INFO - Predictions for NC_003198.1.fasta already exist
2026-04-25 23:30:30,176 - predict_GI - INFO - Predictions for NC_002695.1.fasta already exist
2026-04-25 23:30:30,176 - predict_GI - INFO - Predictions for NC_003923.1.fasta already exist
2026-04-25 23:30:30,176 - predict_GI - INFO - Predictions for NC_004431.1.fasta already exist
2026-04-25 23:30:30,176 - predict_GI - INFO - Predictions for NC_004603.1.fasta already exist
2026-04-25 23:30:30,176 - predict_GI - INFO - Predictions for NC_004070.1.fasta already exist
2026-04-25 23:30:30,175 - predict_GI - INFO - Predictions for NC_003198.1.fasta already exist
2026-04-25 23:30:30,176 - predict_GI - INFO - Predictions for NC_002695.1.fasta already exist
2026-04-25 23:30:30,176 - predict_GI - INFO - Predictions for NC_003923.1.fasta already exist
2026-04-25 23:30:30,176 - predict_GI - INFO - Predictions for NC_004431.1.fasta already exist
2026-04-25 23:30:30,176 - predict_GI - INFO - Predictions for NC_004603.1.fasta already exist
2026-04-25 23:30:30,176 - predict_GI - INFO - Predictions for NC_004070.1.fasta already exist
2026-04-25 23:30:30,178 - predict_GI - INFO - outputs/boundaries_predictions/literature_set/ensemble_stacking_benbow_default/6000/0.7
2026-04-25 23:30:30,178 - predict_GI - INFO - outputs/boundaries_predictions/literature_set
2026-04-25 23:30:30,178 - predict_GI - INFO - outputs/boundaries_predictions/literature_set/ensemble_stacking_benbow_default/8000/0.7
2026-04-25 23:30:30,179 - predict_GI - INFO - outputs/boundaries_predictions/literature_set
2026-04-25 23:30:30,191 - predict_GI - INFO - outputs/boundaries_predictions/literature_set/ensemble_stacking_benbow_default/8000/0.8
2026-04-25 23:30:30,191 - predict_GI - INFO - outputs/boundaries_predictions/literature_set
2026-04-25 23:30:30,191 - predict_GI - INFO - Predictions for NC_003198.1.fasta already exist
2026-04-25 23:30:30,192 - predict_GI - INFO - Predictions for NC_002695.1.fasta already exist
2026-04-25 23:30:30,192 - predict_GI - INFO - Predictions for NC_003923.1.fasta already exist
2026-04-25 23:30:30,192 - predict_GI - INFO - Predictions for NC_004431.1.fasta already exist
2026-04-25 23:30:30,192 - predict_GI - INFO - Predictions for NC_004603.1.fasta already exist
2026-04-25 23:30:30,192 - predict_GI - INFO - Predictions for NC_004070.1.fasta already exist
2026-04-25 23:30:30,194 - predict_GI - INFO - outputs/boundaries_predictions/literature_set/ensemble_stacking_benbow_default/7000/0.7
2026-04-25 23:30:30,195 - predict_GI - INFO - outputs/boundaries_predictions/literature_set
2026-04-25 23:30:30,201 - predict_GI - INFO - outputs/boundaries_predictions/literature_set/ensemble_stacking_benbow_default/7000/0.6
2026-04-25 23:30:30,201 - predict_GI - INFO - outputs/boundaries_predictions/literature_set
2026-04-25 23:30:30,203 - predict_GI - INFO - outputs/boundaries_predictions/literature_set/ensemble_stacking_benbow_default/5000/0.8
2026-04-25 23:30:30,203 - predict_GI - INFO - outputs/boundaries_predictions/literature_set
2026-04-25 23:30:30,207 - predict_GI - INFO - Predictions for NC_003198.1.fasta already exist
2026-04-25 23:30:30,207 - predict_GI - INFO - Predictions for NC_002695.1.fasta already exist
2026-04-25 23:30:30,207 - predict_GI - INFO - Predictions for NC_003923.1.fasta already exist
2026-04-25 23:30:30,207 - predict_GI - INFO - Predictions for NC_004431.1.fasta already exist
2026-04-25 23:30:30,207 - predict_GI - INFO - Predictions for NC_004603.1.fasta already exist
2026-04-25 23:30:30,207 - predict_GI - INFO - Predictions for NC_004070.1.fasta already exist
2026-04-25 23:30:30,211 - predict_GI - INFO - outputs/boundaries_predictions/literature_set/ensemble_stacking_benbow_default/7000/0.8
2026-04-25 23:30:30,212 - predict_GI - INFO - outputs/boundaries_predictions/literature_set
2026-04-25 23:30:30,213 - predict_GI - INFO - outputs/boundaries_predictions/literature_set/ensemble_stacking_benbow_default/5000/0.6
2026-04-25 23:30:30,213 - predict_GI - INFO - outputs/boundaries_predictions/literature_set
2026-04-25 23:30:30,223 - predict_GI - INFO - Predictions for NC_003198.1.fasta already exist
2026-04-25 23:30:30,223 - predict_GI - INFO - Predictions for NC_002695.1.fasta already exist
2026-04-25 23:30:30,223 - predict_GI - INFO - Predictions for NC_003923.1.fasta already exist
2026-04-25 23:30:30,223 - predict_GI - INFO - Predictions for NC_004431.1.fasta already exist
2026-04-25 23:30:30,223 - predict_GI - INFO - Predictions for NC_004603.1.fasta already exist
2026-04-25 23:30:30,223 - predict_GI - INFO - Predictions for NC_004070.1.fasta already exist
2026-04-25 23:30:30,226 - predict_GI - INFO - Predictions for NC_003198.1.fasta already exist
2026-04-25 23:30:30,226 - predict_GI - INFO - Predictions for NC_002695.1.fasta already exist
2026-04-25 23:30:30,226 - predict_GI - INFO - Predictions for NC_003923.1.fasta already exist
2026-04-25 23:30:30,226 - predict_GI - INFO - Predictions for NC_004431.1.fasta already exist
2026-04-25 23:30:30,226 - predict_GI - INFO - Predictions for NC_004603.1.fasta already exist
2026-04-25 23:30:30,226 - predict_GI - INFO - Predictions for NC_004070.1.fasta already exist
2026-04-25 23:30:30,230 - predict_GI - INFO - Predictions for NC_003198.1.fasta already exist
2026-04-25 23:30:30,230 - predict_GI - INFO - Predictions for NC_002695.1.fasta already exist
2026-04-25 23:30:30,230 - predict_GI - INFO - Predictions for NC_003923.1.fasta already exist
2026-04-25 23:30:30,230 - predict_GI - INFO - Predictions for NC_004431.1.fasta already exist
2026-04-25 23:30:30,230 - predict_GI - INFO - Predictions for NC_004603.1.fasta already exist
2026-04-25 23:30:30,230 - predict_GI - INFO - Predictions for NC_004070.1.fasta already exist
2026-04-25 23:30:30,236 - predict_GI - INFO - Predictions for NC_003198.1.fasta already exist
2026-04-25 23:30:30,236 - predict_GI - INFO - Predictions for NC_002695.1.fasta already exist
2026-04-25 23:30:30,236 - predict_GI - INFO - Predictions for NC_003923.1.fasta already exist
2026-04-25 23:30:30,236 - predict_GI - INFO - Predictions for NC_004431.1.fasta already exist
2026-04-25 23:30:30,236 - predict_GI - INFO - Predictions for NC_004603.1.fasta already exist
2026-04-25 23:30:30,236 - predict_GI - INFO - Predictions for NC_004070.1.fasta already exist
2026-04-25 23:30:30,242 - predict_GI - INFO - Predictions for NC_003198.1.fasta already exist
2026-04-25 23:30:30,242 - predict_GI - INFO - Predictions for NC_002695.1.fasta already exist
2026-04-25 23:30:30,242 - predict_GI - INFO - Predictions for NC_003923.1.fasta already exist
2026-04-25 23:30:30,242 - predict_GI - INFO - Predictions for NC_004431.1.fasta already exist
2026-04-25 23:30:30,242 - predict_GI - INFO - Predictions for NC_004603.1.fasta already exist
2026-04-25 23:30:30,242 - predict_GI - INFO - Predictions for NC_004070.1.fasta already exist
2026-04-25 23:30:30,242 - predict_GI - INFO - Predictions for NC_003198.1.fasta already exist
2026-04-25 23:30:30,243 - predict_GI - INFO - Predictions for NC_002695.1.fasta already exist
2026-04-25 23:30:30,243 - predict_GI - INFO - Predictions for NC_003923.1.fasta already exist
2026-04-25 23:30:30,243 - predict_GI - INFO - Predictions for NC_004431.1.fasta already exist
2026-04-25 23:30:30,243 - predict_GI - INFO - Predictions for NC_004603.1.fasta already exist
2026-04-25 23:30:30,243 - predict_GI - INFO - Predictions for NC_004070.1.fasta already exist
2026-04-25 23:30:30,255 - predict_GI - INFO - Predictions for NC_003198.1.fasta already exist
2026-04-25 23:30:30,256 - predict_GI - INFO - Predictions for NC_002695.1.fasta already exist
2026-04-25 23:30:30,256 - predict_GI - INFO - Predictions for NC_003923.1.fasta already exist
2026-04-25 23:30:30,256 - predict_GI - INFO - Predictions for NC_004431.1.fasta already exist
2026-04-25 23:30:30,256 - predict_GI - INFO - Predictions for NC_004603.1.fasta already exist
2026-04-25 23:30:30,256 - predict_GI - INFO - Predictions for NC_004070.1.fasta already exist
2026-04-25 23:30:30,363 - predict_GI - INFO - saving results to outputs/boundaries_predictions/literature_set
2026-04-25 23:30:30,372 - predict_GI - INFO - saving results to outputs/boundaries_predictions/literature_set
2026-04-25 23:30:30,380 - predict_GI - INFO - saving results to outputs/boundaries_predictions/literature_set
2026-04-25 23:30:30,390 - predict_GI - INFO - saving results to outputs/boundaries_predictions/literature_set
2026-04-25 23:30:30,399 - predict_GI - INFO - saving results to outputs/boundaries_predictions/literature_set
2026-04-25 23:30:30,401 - predict_GI - INFO - saving results to outputs/boundaries_predictions/literature_set
2026-04-25 23:30:30,407 - predict_GI - INFO - saving results to outputs/boundaries_predictions/literature_set
2026-04-25 23:30:30,414 - predict_GI - INFO - saving results to outputs/boundaries_predictions/literature_set
2026-04-25 23:30:30,419 - predict_GI - INFO - saving results to outputs/boundaries_predictions/literature_set
2026-04-25 23:30:30,448 - predict_GI - INFO - saving results to outputs/boundaries_predictions/literature_set
2026-04-25 23:30:30,469 - predict_GI - INFO - saving results to outputs/boundaries_predictions/literature_set
2026-04-25 23:30:30,471 - predict_GI - INFO - saving results to outputs/boundaries_predictions/literature_set
2026-04-25 23:30:30,484 - predict_GI - INFO - --- Finish ---
2026-04-25 23:30:30,484 - predict_GI - INFO -  --- Process took 0.308 seconds ---
2026-04-25 23:30:30,488 - predict_GI - INFO - --- Finish ---
2026-04-25 23:30:30,488 - predict_GI - INFO -  --- Process took 0.374 seconds ---
2026-04-25 23:30:30,515 - predict_GI - INFO - --- Finish ---
2026-04-25 23:30:30,515 - predict_GI - INFO -  --- Process took 0.329 seconds ---
2026-04-25 23:30:30,529 - predict_GI - INFO - --- Finish ---
2026-04-25 23:30:30,529 - predict_GI - INFO -  --- Process took 0.321 seconds ---
2026-04-25 23:30:30,552 - predict_GI - INFO - --- Finish ---
2026-04-25 23:30:30,552 - predict_GI - INFO -  --- Process took 0.355 seconds ---
2026-04-25 23:30:30,893 - predict_GI - INFO - --- Finish ---
2026-04-25 23:30:30,893 - predict_GI - INFO -  --- Process took 0.701 seconds ---
2026-04-25 23:30:31,935 - predict_GI - INFO - outputs/boundaries_predictions/literature_set/ensemble_stacking_benbow_default/9000/0.7
2026-04-25 23:30:31,935 - predict_GI - INFO - outputs/boundaries_predictions/literature_set
2026-04-25 23:30:31,940 - predict_GI - INFO - outputs/boundaries_predictions/literature_set/ensemble_stacking_benbow_default/10000/0.7
2026-04-25 23:30:31,940 - predict_GI - INFO - outputs/boundaries_predictions/literature_set
2026-04-25 23:30:31,960 - predict_GI - INFO - Predictions for NC_003198.1.fasta already exist
2026-04-25 23:30:31,960 - predict_GI - INFO - Predictions for NC_002695.1.fasta already exist
2026-04-25 23:30:31,960 - predict_GI - INFO - Predictions for NC_003923.1.fasta already exist
2026-04-25 23:30:31,960 - predict_GI - INFO - Predictions for NC_004431.1.fasta already exist
2026-04-25 23:30:31,960 - predict_GI - INFO - Predictions for NC_004603.1.fasta already exist
2026-04-25 23:30:31,960 - predict_GI - INFO - Predictions for NC_004070.1.fasta already exist
2026-04-25 23:30:31,965 - predict_GI - INFO - Predictions for NC_003198.1.fasta already exist
2026-04-25 23:30:31,966 - predict_GI - INFO - Predictions for NC_002695.1.fasta already exist
2026-04-25 23:30:31,966 - predict_GI - INFO - Predictions for NC_003923.1.fasta already exist
2026-04-25 23:30:31,966 - predict_GI - INFO - Predictions for NC_004431.1.fasta already exist
2026-04-25 23:30:31,966 - predict_GI - INFO - Predictions for NC_004603.1.fasta already exist
2026-04-25 23:30:31,966 - predict_GI - INFO - Predictions for NC_004070.1.fasta already exist
2026-04-25 23:30:31,974 - predict_GI - INFO - outputs/boundaries_predictions/literature_set/ensemble_stacking_benbow_default/10000/0.6
2026-04-25 23:30:31,974 - predict_GI - INFO - outputs/boundaries_predictions/literature_set
2026-04-25 23:30:31,982 - predict_GI - INFO - outputs/boundaries_predictions/literature_set/ensemble_stacking_benbow_default/10000/0.8
2026-04-25 23:30:31,982 - predict_GI - INFO - outputs/boundaries_predictions/literature_set
2026-04-25 23:30:31,994 - predict_GI - INFO - Predictions for NC_003198.1.fasta already exist
2026-04-25 23:30:31,994 - predict_GI - INFO - Predictions for NC_002695.1.fasta already exist
2026-04-25 23:30:31,994 - predict_GI - INFO - Predictions for NC_003923.1.fasta already exist
2026-04-25 23:30:31,994 - predict_GI - INFO - Predictions for NC_004431.1.fasta already exist
2026-04-25 23:30:31,994 - predict_GI - INFO - Predictions for NC_004603.1.fasta already exist
2026-04-25 23:30:31,994 - predict_GI - INFO - Predictions for NC_004070.1.fasta already exist
2026-04-25 23:30:31,998 - predict_GI - INFO - outputs/boundaries_predictions/literature_set/ensemble_stacking_benbow_default/9000/0.8
2026-04-25 23:30:31,998 - predict_GI - INFO - outputs/boundaries_predictions/literature_set
2026-04-25 23:30:32,017 - predict_GI - INFO - Predictions for NC_003198.1.fasta already exist
2026-04-25 23:30:32,017 - predict_GI - INFO - Predictions for NC_002695.1.fasta already exist
2026-04-25 23:30:32,017 - predict_GI - INFO - Predictions for NC_003923.1.fasta already exist
2026-04-25 23:30:32,017 - predict_GI - INFO - Predictions for NC_004431.1.fasta already exist
2026-04-25 23:30:32,017 - predict_GI - INFO - Predictions for NC_004603.1.fasta already exist
2026-04-25 23:30:32,017 - predict_GI - INFO - Predictions for NC_004070.1.fasta already exist
2026-04-25 23:30:32,028 - predict_GI - INFO - Predictions for NC_003198.1.fasta already exist
2026-04-25 23:30:32,028 - predict_GI - INFO - Predictions for NC_002695.1.fasta already exist
2026-04-25 23:30:32,028 - predict_GI - INFO - Predictions for NC_003923.1.fasta already exist
2026-04-25 23:30:32,028 - predict_GI - INFO - Predictions for NC_004431.1.fasta already exist
2026-04-25 23:30:32,030 - predict_GI - INFO - Predictions for NC_004603.1.fasta already exist
2026-04-25 23:30:32,030 - predict_GI - INFO - Predictions for NC_004070.1.fasta already exist
2026-04-25 23:30:32,037 - predict_GI - INFO - outputs/boundaries_predictions/literature_set/ensemble_stacking_benbow_default/9000/0.6
2026-04-25 23:30:32,037 - predict_GI - INFO - outputs/boundaries_predictions/literature_set
2026-04-25 23:30:32,038 - predict_GI - INFO - outputs/boundaries_predictions/literature_set/ensemble_stacking_benbow_default/11000/0.6
2026-04-25 23:30:32,038 - predict_GI - INFO - outputs/boundaries_predictions/literature_set
2026-04-25 23:30:32,051 - predict_GI - INFO - outputs/boundaries_predictions/literature_set/ensemble_stacking_benbow_default/11000/0.7
2026-04-25 23:30:32,051 - predict_GI - INFO - outputs/boundaries_predictions/literature_set
2026-04-25 23:30:32,070 - predict_GI - INFO - Predictions for NC_003198.1.fasta already exist
2026-04-25 23:30:32,075 - predict_GI - INFO - Predictions for NC_002695.1.fasta already exist
2026-04-25 23:30:32,075 - predict_GI - INFO - Predictions for NC_003923.1.fasta already exist
2026-04-25 23:30:32,075 - predict_GI - INFO - Predictions for NC_004431.1.fasta already exist
2026-04-25 23:30:32,075 - predict_GI - INFO - Predictions for NC_004603.1.fasta already exist
2026-04-25 23:30:32,075 - predict_GI - INFO - Predictions for NC_004070.1.fasta already exist
2026-04-25 23:30:32,076 - predict_GI - INFO - Predictions for NC_003198.1.fasta already exist
2026-04-25 23:30:32,076 - predict_GI - INFO - Predictions for NC_002695.1.fasta already exist
2026-04-25 23:30:32,076 - predict_GI - INFO - Predictions for NC_003923.1.fasta already exist
2026-04-25 23:30:32,076 - predict_GI - INFO - Predictions for NC_004431.1.fasta already exist
2026-04-25 23:30:32,076 - predict_GI - INFO - Predictions for NC_004603.1.fasta already exist
2026-04-25 23:30:32,076 - predict_GI - INFO - Predictions for NC_004070.1.fasta already exist
2026-04-25 23:30:32,081 - predict_GI - INFO - outputs/boundaries_predictions/literature_set/ensemble_stacking_benbow_default/12000/0.8
2026-04-25 23:30:32,081 - predict_GI - INFO - outputs/boundaries_predictions/literature_set
2026-04-25 23:30:32,085 - predict_GI - INFO - Predictions for NC_003198.1.fasta already exist
2026-04-25 23:30:32,085 - predict_GI - INFO - Predictions for NC_002695.1.fasta already exist
2026-04-25 23:30:32,085 - predict_GI - INFO - Predictions for NC_003923.1.fasta already exist
2026-04-25 23:30:32,085 - predict_GI - INFO - Predictions for NC_004431.1.fasta already exist
2026-04-25 23:30:32,085 - predict_GI - INFO - Predictions for NC_004603.1.fasta already exist
2026-04-25 23:30:32,085 - predict_GI - INFO - Predictions for NC_004070.1.fasta already exist
2026-04-25 23:30:32,088 - predict_GI - INFO - outputs/boundaries_predictions/literature_set/ensemble_stacking_benbow_default/12000/0.7
2026-04-25 23:30:32,089 - predict_GI - INFO - outputs/boundaries_predictions/literature_set
2026-04-25 23:30:32,101 - predict_GI - INFO - saving results to outputs/boundaries_predictions/literature_set
2026-04-25 23:30:32,108 - predict_GI - INFO - Predictions for NC_003198.1.fasta already exist
2026-04-25 23:30:32,108 - predict_GI - INFO - Predictions for NC_002695.1.fasta already exist
2026-04-25 23:30:32,108 - predict_GI - INFO - Predictions for NC_003923.1.fasta already exist
2026-04-25 23:30:32,109 - predict_GI - INFO - Predictions for NC_004431.1.fasta already exist
2026-04-25 23:30:32,109 - predict_GI - INFO - Predictions for NC_004603.1.fasta already exist
2026-04-25 23:30:32,109 - predict_GI - INFO - Predictions for NC_004070.1.fasta already exist
2026-04-25 23:30:32,109 - predict_GI - INFO - outputs/boundaries_predictions/literature_set/ensemble_stacking_benbow_default/12000/0.6
2026-04-25 23:30:32,109 - predict_GI - INFO - outputs/boundaries_predictions/literature_set
2026-04-25 23:30:32,117 - predict_GI - INFO - Predictions for NC_003198.1.fasta already exist
2026-04-25 23:30:32,117 - predict_GI - INFO - Predictions for NC_002695.1.fasta already exist
2026-04-25 23:30:32,117 - predict_GI - INFO - Predictions for NC_003923.1.fasta already exist
2026-04-25 23:30:32,117 - predict_GI - INFO - Predictions for NC_004431.1.fasta already exist
2026-04-25 23:30:32,117 - predict_GI - INFO - Predictions for NC_004603.1.fasta already exist
2026-04-25 23:30:32,118 - predict_GI - INFO - Predictions for NC_004070.1.fasta already exist
2026-04-25 23:30:32,124 - predict_GI - INFO - saving results to outputs/boundaries_predictions/literature_set
2026-04-25 23:30:32,129 - predict_GI - INFO - outputs/boundaries_predictions/literature_set/ensemble_stacking_benbow_default/11000/0.8
2026-04-25 23:30:32,129 - predict_GI - INFO - outputs/boundaries_predictions/literature_set
2026-04-25 23:30:32,136 - predict_GI - INFO - Predictions for NC_003198.1.fasta already exist
2026-04-25 23:30:32,137 - predict_GI - INFO - Predictions for NC_002695.1.fasta already exist
2026-04-25 23:30:32,137 - predict_GI - INFO - Predictions for NC_003923.1.fasta already exist
2026-04-25 23:30:32,137 - predict_GI - INFO - Predictions for NC_004431.1.fasta already exist
2026-04-25 23:30:32,137 - predict_GI - INFO - Predictions for NC_004603.1.fasta already exist
2026-04-25 23:30:32,137 - predict_GI - INFO - Predictions for NC_004070.1.fasta already exist
2026-04-25 23:30:32,145 - predict_GI - INFO - Predictions for NC_003198.1.fasta already exist
2026-04-25 23:30:32,145 - predict_GI - INFO - Predictions for NC_002695.1.fasta already exist
2026-04-25 23:30:32,146 - predict_GI - INFO - Predictions for NC_003923.1.fasta already exist
2026-04-25 23:30:32,146 - predict_GI - INFO - Predictions for NC_004431.1.fasta already exist
2026-04-25 23:30:32,146 - predict_GI - INFO - Predictions for NC_004603.1.fasta already exist
2026-04-25 23:30:32,146 - predict_GI - INFO - Predictions for NC_004070.1.fasta already exist
2026-04-25 23:30:32,151 - predict_GI - INFO - saving results to outputs/boundaries_predictions/literature_set
2026-04-25 23:30:32,159 - predict_GI - INFO - --- Finish ---
2026-04-25 23:30:32,159 - predict_GI - INFO -  --- Process took 0.226 seconds ---
2026-04-25 23:30:32,167 - predict_GI - INFO - saving results to outputs/boundaries_predictions/literature_set
2026-04-25 23:30:32,175 - predict_GI - INFO - saving results to outputs/boundaries_predictions/literature_set
2026-04-25 23:30:32,193 - predict_GI - INFO - --- Finish ---
2026-04-25 23:30:32,193 - predict_GI - INFO -  --- Process took 0.220 seconds ---
2026-04-25 23:30:32,199 - predict_GI - INFO - --- Finish ---
2026-04-25 23:30:32,200 - predict_GI - INFO -  --- Process took 0.261 seconds ---
2026-04-25 23:30:32,208 - predict_GI - INFO - --- Finish ---
2026-04-25 23:30:32,208 - predict_GI - INFO -  --- Process took 0.213 seconds ---
2026-04-25 23:30:32,251 - predict_GI - INFO - saving results to outputs/boundaries_predictions/literature_set
2026-04-25 23:30:32,267 - predict_GI - INFO - saving results to outputs/boundaries_predictions/literature_set
2026-04-25 23:30:32,276 - predict_GI - INFO - saving results to outputs/boundaries_predictions/literature_set
2026-04-25 23:30:32,282 - predict_GI - INFO - saving results to outputs/boundaries_predictions/literature_set
2026-04-25 23:30:32,284 - predict_GI - INFO - --- Finish ---
2026-04-25 23:30:32,284 - predict_GI - INFO -  --- Process took 0.247 seconds ---
2026-04-25 23:30:32,298 - predict_GI - INFO - --- Finish ---
2026-04-25 23:30:32,298 - predict_GI - INFO -  --- Process took 0.216 seconds ---
2026-04-25 23:30:32,302 - predict_GI - INFO - saving results to outputs/boundaries_predictions/literature_set
2026-04-25 23:30:32,305 - predict_GI - INFO - saving results to outputs/boundaries_predictions/literature_set
2026-04-25 23:30:32,333 - predict_GI - INFO - --- Finish ---
2026-04-25 23:30:32,333 - predict_GI - INFO -  --- Process took 0.300 seconds ---
2026-04-25 23:30:32,410 - predict_GI - INFO - --- Finish ---
2026-04-25 23:30:32,410 - predict_GI - INFO -  --- Process took 0.362 seconds ---
2026-04-25 23:30:32,546 - predict_GI - INFO - saving results to outputs/boundaries_predictions/literature_set
2026-04-25 23:30:32,657 - predict_GI - INFO - --- Finish ---
2026-04-25 23:30:32,657 - predict_GI - INFO -  --- Process took 0.550 seconds ---
2026-04-25 23:30:32,660 - predict_GI - INFO - --- Finish ---
2026-04-25 23:30:32,660 - predict_GI - INFO -  --- Process took 0.582 seconds ---
2026-04-25 23:30:32,707 - predict_GI - INFO - --- Finish ---
2026-04-25 23:30:32,707 - predict_GI - INFO -  --- Process took 0.587 seconds ---
2026-04-25 23:30:33,770 - predict_GI - INFO - outputs/boundaries_predictions/literature_set/ensemble_stacking_benbow_default/14000/0.7
2026-04-25 23:30:33,772 - predict_GI - INFO - outputs/boundaries_predictions/literature_set
2026-04-25 23:30:33,778 - predict_GI - INFO - outputs/boundaries_predictions/literature_set/ensemble_stacking_benbow_default/13000/0.8
2026-04-25 23:30:33,778 - predict_GI - INFO - outputs/boundaries_predictions/literature_set
2026-04-25 23:30:33,785 - predict_GI - INFO - Predictions for NC_003198.1.fasta already exist
2026-04-25 23:30:33,785 - predict_GI - INFO - Predictions for NC_002695.1.fasta already exist
2026-04-25 23:30:33,785 - predict_GI - INFO - Predictions for NC_003923.1.fasta already exist
2026-04-25 23:30:33,785 - predict_GI - INFO - Predictions for NC_004431.1.fasta already exist
2026-04-25 23:30:33,785 - predict_GI - INFO - Predictions for NC_004603.1.fasta already exist
2026-04-25 23:30:33,785 - predict_GI - INFO - Predictions for NC_004070.1.fasta already exist
2026-04-25 23:30:33,801 - predict_GI - INFO - outputs/boundaries_predictions/literature_set/ensemble_stacking_benbow_default/13000/0.7
2026-04-25 23:30:33,801 - predict_GI - INFO - outputs/boundaries_predictions/literature_set
2026-04-25 23:30:33,819 - predict_GI - INFO - Predictions for NC_003198.1.fasta already exist
2026-04-25 23:30:33,820 - predict_GI - INFO - Predictions for NC_002695.1.fasta already exist
2026-04-25 23:30:33,820 - predict_GI - INFO - Predictions for NC_003923.1.fasta already exist
2026-04-25 23:30:33,820 - predict_GI - INFO - Predictions for NC_004431.1.fasta already exist
2026-04-25 23:30:33,820 - predict_GI - INFO - Predictions for NC_004603.1.fasta already exist
2026-04-25 23:30:33,820 - predict_GI - INFO - Predictions for NC_004070.1.fasta already exist
2026-04-25 23:30:33,827 - predict_GI - INFO - outputs/boundaries_predictions/literature_set/ensemble_stacking_benbow_default/13000/0.6
2026-04-25 23:30:33,827 - predict_GI - INFO - outputs/boundaries_predictions/literature_set
2026-04-25 23:30:33,830 - predict_GI - INFO - Predictions for NC_003198.1.fasta already exist
2026-04-25 23:30:33,831 - predict_GI - INFO - Predictions for NC_002695.1.fasta already exist
2026-04-25 23:30:33,831 - predict_GI - INFO - Predictions for NC_003923.1.fasta already exist
2026-04-25 23:30:33,831 - predict_GI - INFO - Predictions for NC_004431.1.fasta already exist
2026-04-25 23:30:33,831 - predict_GI - INFO - Predictions for NC_004603.1.fasta already exist
2026-04-25 23:30:33,831 - predict_GI - INFO - Predictions for NC_004070.1.fasta already exist
2026-04-25 23:30:33,838 - predict_GI - INFO - outputs/boundaries_predictions/literature_set/ensemble_stacking_benbow_default/14000/0.6
2026-04-25 23:30:33,838 - predict_GI - INFO - outputs/boundaries_predictions/literature_set
2026-04-25 23:30:33,851 - predict_GI - INFO - Predictions for NC_003198.1.fasta already exist
2026-04-25 23:30:33,855 - predict_GI - INFO - Predictions for NC_003198.1.fasta already exist
2026-04-25 23:30:33,855 - predict_GI - INFO - Predictions for NC_002695.1.fasta already exist
2026-04-25 23:30:33,855 - predict_GI - INFO - Predictions for NC_003923.1.fasta already exist
2026-04-25 23:30:33,855 - predict_GI - INFO - Predictions for NC_004431.1.fasta already exist
2026-04-25 23:30:33,855 - predict_GI - INFO - Predictions for NC_004603.1.fasta already exist
2026-04-25 23:30:33,855 - predict_GI - INFO - Predictions for NC_004070.1.fasta already exist
2026-04-25 23:30:33,851 - predict_GI - INFO - Predictions for NC_002695.1.fasta already exist
2026-04-25 23:30:33,857 - predict_GI - INFO - Predictions for NC_003923.1.fasta already exist
2026-04-25 23:30:33,857 - predict_GI - INFO - Predictions for NC_004431.1.fasta already exist
2026-04-25 23:30:33,857 - predict_GI - INFO - Predictions for NC_004603.1.fasta already exist
2026-04-25 23:30:33,857 - predict_GI - INFO - Predictions for NC_004070.1.fasta already exist
2026-04-25 23:30:33,932 - predict_GI - INFO - outputs/boundaries_predictions/literature_set/ensemble_stacking_benbow_default/15000/0.6
2026-04-25 23:30:33,932 - predict_GI - INFO - outputs/boundaries_predictions/literature_set
2026-04-25 23:30:33,934 - predict_GI - INFO - saving results to outputs/boundaries_predictions/literature_set
2026-04-25 23:30:33,935 - predict_GI - INFO - outputs/boundaries_predictions/literature_set/ensemble_stacking_benbow_default/14000/0.8
2026-04-25 23:30:33,936 - predict_GI - INFO - outputs/boundaries_predictions/literature_set
2026-04-25 23:30:33,950 - predict_GI - INFO - saving results to outputs/boundaries_predictions/literature_set
2026-04-25 23:30:33,955 - predict_GI - INFO - Predictions for NC_003198.1.fasta already exist
2026-04-25 23:30:33,956 - predict_GI - INFO - Predictions for NC_002695.1.fasta already exist
2026-04-25 23:30:33,956 - predict_GI - INFO - Predictions for NC_003923.1.fasta already exist
2026-04-25 23:30:33,956 - predict_GI - INFO - Predictions for NC_004431.1.fasta already exist
2026-04-25 23:30:33,956 - predict_GI - INFO - Predictions for NC_004603.1.fasta already exist
2026-04-25 23:30:33,956 - predict_GI - INFO - Predictions for NC_004070.1.fasta already exist
2026-04-25 23:30:33,957 - predict_GI - INFO - outputs/boundaries_predictions/literature_set/ensemble_stacking_benbow_default/15000/0.7
2026-04-25 23:30:33,958 - predict_GI - INFO - outputs/boundaries_predictions/literature_set
2026-04-25 23:30:33,959 - predict_GI - INFO - Predictions for NC_003198.1.fasta already exist
2026-04-25 23:30:33,959 - predict_GI - INFO - Predictions for NC_002695.1.fasta already exist
2026-04-25 23:30:33,959 - predict_GI - INFO - Predictions for NC_003923.1.fasta already exist
2026-04-25 23:30:33,959 - predict_GI - INFO - Predictions for NC_004431.1.fasta already exist
2026-04-25 23:30:33,960 - predict_GI - INFO - Predictions for NC_004603.1.fasta already exist
2026-04-25 23:30:33,960 - predict_GI - INFO - Predictions for NC_004070.1.fasta already exist
2026-04-25 23:30:33,960 - predict_GI - INFO - saving results to outputs/boundaries_predictions/literature_set
2026-04-25 23:30:33,967 - predict_GI - INFO - saving results to outputs/boundaries_predictions/literature_set
2026-04-25 23:30:33,970 - predict_GI - INFO - outputs/boundaries_predictions/literature_set/ensemble_stacking_benbow_default/15000/0.8
2026-04-25 23:30:33,970 - predict_GI - INFO - outputs/boundaries_predictions/literature_set
2026-04-25 23:30:33,972 - predict_GI - INFO - --- Finish ---
2026-04-25 23:30:33,972 - predict_GI - INFO -  --- Process took 0.196 seconds ---
2026-04-25 23:30:33,994 - predict_GI - INFO - --- Finish ---
2026-04-25 23:30:33,994 - predict_GI - INFO -  --- Process took 0.195 seconds ---
2026-04-25 23:30:33,995 - predict_GI - INFO - Predictions for NC_003198.1.fasta already exist
2026-04-25 23:30:33,995 - predict_GI - INFO - Predictions for NC_002695.1.fasta already exist
2026-04-25 23:30:33,995 - predict_GI - INFO - Predictions for NC_003923.1.fasta already exist
2026-04-25 23:30:33,995 - predict_GI - INFO - Predictions for NC_004431.1.fasta already exist
2026-04-25 23:30:33,995 - predict_GI - INFO - Predictions for NC_004603.1.fasta already exist
2026-04-25 23:30:33,995 - predict_GI - INFO - Predictions for NC_004070.1.fasta already exist
2026-04-25 23:30:34,000 - predict_GI - INFO - saving results to outputs/boundaries_predictions/literature_set
2026-04-25 23:30:34,001 - predict_GI - INFO - --- Finish ---
2026-04-25 23:30:34,001 - predict_GI - INFO -  --- Process took 0.234 seconds ---
2026-04-25 23:30:34,012 - predict_GI - INFO - Predictions for NC_003198.1.fasta already exist
2026-04-25 23:30:34,012 - predict_GI - INFO - Predictions for NC_002695.1.fasta already exist
2026-04-25 23:30:34,012 - predict_GI - INFO - Predictions for NC_003923.1.fasta already exist
2026-04-25 23:30:34,013 - predict_GI - INFO - Predictions for NC_004431.1.fasta already exist
2026-04-25 23:30:34,013 - predict_GI - INFO - Predictions for NC_004603.1.fasta already exist
2026-04-25 23:30:34,013 - predict_GI - INFO - Predictions for NC_004070.1.fasta already exist
2026-04-25 23:30:34,016 - predict_GI - INFO - --- Finish ---
2026-04-25 23:30:34,016 - predict_GI - INFO -  --- Process took 0.180 seconds ---
2026-04-25 23:30:34,042 - predict_GI - INFO - --- Finish ---
2026-04-25 23:30:34,042 - predict_GI - INFO -  --- Process took 0.217 seconds ---
2026-04-25 23:30:34,116 - predict_GI - INFO - saving results to outputs/boundaries_predictions/literature_set
2026-04-25 23:30:34,121 - predict_GI - INFO - saving results to outputs/boundaries_predictions/literature_set
2026-04-25 23:30:34,160 - predict_GI - INFO - --- Finish ---
2026-04-25 23:30:34,160 - predict_GI - INFO -  --- Process took 0.227 seconds ---
2026-04-25 23:30:34,173 - predict_GI - INFO - saving results to outputs/boundaries_predictions/literature_set
2026-04-25 23:30:34,191 - predict_GI - INFO - --- Finish ---
2026-04-25 23:30:34,191 - predict_GI - INFO -  --- Process took 0.265 seconds ---
2026-04-25 23:30:34,199 - predict_GI - INFO - saving results to outputs/boundaries_predictions/literature_set
2026-04-25 23:30:34,227 - predict_GI - INFO - --- Finish ---
2026-04-25 23:30:34,227 - predict_GI - INFO -  --- Process took 0.262 seconds ---
2026-04-25 23:30:34,290 - predict_GI - INFO - --- Finish ---
2026-04-25 23:30:34,290 - predict_GI - INFO -  --- Process took 0.334 seconds ---
